/home/zihan/anaconda3/envs/x/lib/python3.7/site-packages/ecos/ecos.py:26: UserWarning: Converting G to a CSC matrix; may take a while.
  warn("Converting G to a CSC matrix; may take a while.")
/home/zihan/anaconda3/envs/x/lib/python3.7/site-packages/ecos/ecos.py:29: UserWarning: Converting A to a CSC matrix; may take a while.
  warn("Converting A to a CSC matrix; may take a while.")
/home/zihan/anaconda3/envs/x/lib/python3.7/site-packages/tensorflow/python/framework/dtypes.py:516: FutureWarning: Passing (type, 1) or '1type' as a synonym of type is deprecated; in a future version of numpy, it will be understood as (type, (1,)) / '(1,)type'.
  _np_qint8 = np.dtype([("qint8", np.int8, 1)])
/home/zihan/anaconda3/envs/x/lib/python3.7/site-packages/tensorflow/python/framework/dtypes.py:517: FutureWarning: Passing (type, 1) or '1type' as a synonym of type is deprecated; in a future version of numpy, it will be understood as (type, (1,)) / '(1,)type'.
  _np_quint8 = np.dtype([("quint8", np.uint8, 1)])
/home/zihan/anaconda3/envs/x/lib/python3.7/site-packages/tensorflow/python/framework/dtypes.py:518: FutureWarning: Passing (type, 1) or '1type' as a synonym of type is deprecated; in a future version of numpy, it will be understood as (type, (1,)) / '(1,)type'.
  _np_qint16 = np.dtype([("qint16", np.int16, 1)])
/home/zihan/anaconda3/envs/x/lib/python3.7/site-packages/tensorflow/python/framework/dtypes.py:519: FutureWarning: Passing (type, 1) or '1type' as a synonym of type is deprecated; in a future version of numpy, it will be understood as (type, (1,)) / '(1,)type'.
  _np_quint16 = np.dtype([("quint16", np.uint16, 1)])
/home/zihan/anaconda3/envs/x/lib/python3.7/site-packages/tensorflow/python/framework/dtypes.py:520: FutureWarning: Passing (type, 1) or '1type' as a synonym of type is deprecated; in a future version of numpy, it will be understood as (type, (1,)) / '(1,)type'.
  _np_qint32 = np.dtype([("qint32", np.int32, 1)])
/home/zihan/anaconda3/envs/x/lib/python3.7/site-packages/tensorflow/python/framework/dtypes.py:525: FutureWarning: Passing (type, 1) or '1type' as a synonym of type is deprecated; in a future version of numpy, it will be understood as (type, (1,)) / '(1,)type'.
  np_resource = np.dtype([("resource", np.ubyte, 1)])
wandb: Currently logged in as: quantumiracle. Use `wandb login --relogin` to force relogin
wandb: wandb version 0.13.3 is available!  To upgrade, please run:
wandb:  $ pip install wandb --upgrade
wandb: Tracking run with wandb version 0.13.0
wandb: Run data is saved locally in /home/zihan/research/MARS/wandb/run-20220919_191408-99uud9d2
wandb: Run `wandb offline` to turn off syncing.
wandb: Syncing run pettingzoo_surround_v2_selfplay_202209191914
wandb: ‚≠êÔ∏è View project at https://wandb.ai/quantumiracle/Pettingzoo_MARS
wandb: üöÄ View run at https://wandb.ai/quantumiracle/Pettingzoo_MARS/runs/99uud9d2
wandb: 429 encountered (Filestream rate limit exceeded, retrying in 2.079153061564463 seconds), retrying request
wandb: 429 encountered (Filestream rate limit exceeded, retrying in 4.651759229911843 seconds), retrying request
ffmpeg: /home/zihan/anaconda3/envs/x/lib/libtinfo.so.6: no version information available (required by /lib/x86_64-linux-gnu/libcaca.so.0)
ffmpeg: /home/zihan/anaconda3/envs/x/lib/libncursesw.so.6: no version information available (required by /lib/x86_64-linux-gnu/libcaca.so.0)
ffmpeg: /home/zihan/anaconda3/envs/x/lib/libncursesw.so.6: no version information available (required by /lib/x86_64-linux-gnu/libcaca.so.0)
ffmpeg: /home/zihan/anaconda3/envs/x/lib/libtinfo.so.6: no version information available (required by /lib/x86_64-linux-gnu/libcaca.so.0)
ffmpeg: /home/zihan/anaconda3/envs/x/lib/libncursesw.so.6: no version information available (required by /lib/x86_64-linux-gnu/libcaca.so.0)
ffmpeg: /home/zihan/anaconda3/envs/x/lib/libncursesw.so.6: no version information available (required by /lib/x86_64-linux-gnu/libcaca.so.0)
ffmpeg: /home/zihan/anaconda3/envs/x/lib/libtinfo.so.6: no version information available (required by /lib/x86_64-linux-gnu/libcaca.so.0)
ffmpeg: /home/zihan/anaconda3/envs/x/lib/libncursesw.so.6: no version information available (required by /lib/x86_64-linux-gnu/libcaca.so.0)
ffmpeg: /home/zihan/anaconda3/envs/x/lib/libncursesw.so.6: no version information available (required by /lib/x86_64-linux-gnu/libcaca.so.0)
/home/zihan/research/MARS/mars/rollout.py:21: FutureWarning: arrays to stack must be passed as a "sequence" type such as list or tuple. Support for non-sequence iterables such as generators is deprecated as of NumPy 1.16 and will raise an error in the future.
  rollout_normal(env, model, save_id, args)
/home/zihan/anaconda3/envs/x/lib/python3.7/site-packages/numpy/core/shape_base.py:420: VisibleDeprecationWarning: Creating an ndarray from ragged nested sequences (which is a list-or-tuple of lists-or-tuples-or ndarrays with different lengths or shapes) is deprecated. If you meant to do this, you must specify 'dtype=object' when creating the ndarray.
  arrays = [asanyarray(arr) for arr in arrays]
/home/zihan/anaconda3/envs/x/lib/python3.7/site-packages/numpy/core/fromnumeric.py:3441: RuntimeWarning: Mean of empty slice.
  out=out, **kwargs)
/home/zihan/anaconda3/envs/x/lib/python3.7/site-packages/numpy/core/_methods.py:189: RuntimeWarning: invalid value encountered in double_scalars
  ret = ret.dtype.type(ret / rcount)
/home/zihan/research/MARS/mars/rollout.py:21: FutureWarning: arrays to stack must be passed as a "sequence" type such as list or tuple. Support for non-sequence iterables such as generators is deprecated as of NumPy 1.16 and will raise an error in the future.
  rollout_normal(env, model, save_id, args)
/home/zihan/anaconda3/envs/x/lib/python3.7/site-packages/numpy/core/shape_base.py:420: VisibleDeprecationWarning: Creating an ndarray from ragged nested sequences (which is a list-or-tuple of lists-or-tuples-or ndarrays with different lengths or shapes) is deprecated. If you meant to do this, you must specify 'dtype=object' when creating the ndarray.
  arrays = [asanyarray(arr) for arr in arrays]
/home/zihan/research/MARS/mars/rollout.py:21: FutureWarning: arrays to stack must be passed as a "sequence" type such as list or tuple. Support for non-sequence iterables such as generators is deprecated as of NumPy 1.16 and will raise an error in the future.
  rollout_normal(env, model, save_id, args)
/home/zihan/anaconda3/envs/x/lib/python3.7/site-packages/numpy/core/shape_base.py:420: VisibleDeprecationWarning: Creating an ndarray from ragged nested sequences (which is a list-or-tuple of lists-or-tuples-or ndarrays with different lengths or shapes) is deprecated. If you meant to do this, you must specify 'dtype=object' when creating the ndarray.
  arrays = [asanyarray(arr) for arr in arrays]
wandb: 429 encountered (Filestream rate limit exceeded, retrying in 2.3098815739552148 seconds), retrying request
wandb: 429 encountered (Filestream rate limit exceeded, retrying in 4.055866553344484 seconds), retrying request
ffmpeg: /home/zihan/anaconda3/envs/x/lib/libtinfo.so.6: no version information available (required by /lib/x86_64-linux-gnu/libcaca.so.0)
ffmpeg: /home/zihan/anaconda3/envs/x/lib/libncursesw.so.6: no version information available (required by /lib/x86_64-linux-gnu/libcaca.so.0)
ffmpeg: /home/zihan/anaconda3/envs/x/lib/libncursesw.so.6: no version information available (required by /lib/x86_64-linux-gnu/libcaca.so.0)
/home/zihan/research/MARS/mars/rollout.py:21: FutureWarning: arrays to stack must be passed as a "sequence" type such as list or tuple. Support for non-sequence iterables such as generators is deprecated as of NumPy 1.16 and will raise an error in the future.
  rollout_normal(env, model, save_id, args)
/home/zihan/anaconda3/envs/x/lib/python3.7/site-packages/numpy/core/shape_base.py:420: VisibleDeprecationWarning: Creating an ndarray from ragged nested sequences (which is a list-or-tuple of lists-or-tuples-or ndarrays with different lengths or shapes) is deprecated. If you meant to do this, you must specify 'dtype=object' when creating the ndarray.
  arrays = [asanyarray(arr) for arr in arrays]
wandb: 429 encountered (Filestream rate limit exceeded, retrying in 2.2286593939500845 seconds), retrying request
wandb: 429 encountered (Filestream rate limit exceeded, retrying in 4.596399667814731 seconds), retrying request
ffmpeg: /home/zihan/anaconda3/envs/x/lib/libtinfo.so.6: no version information available (required by /lib/x86_64-linux-gnu/libcaca.so.0)
ffmpeg: /home/zihan/anaconda3/envs/x/lib/libncursesw.so.6: no version information available (required by /lib/x86_64-linux-gnu/libcaca.so.0)
ffmpeg: /home/zihan/anaconda3/envs/x/lib/libncursesw.so.6: no version information available (required by /lib/x86_64-linux-gnu/libcaca.so.0)
ffmpeg: /home/zihan/anaconda3/envs/x/lib/libtinfo.so.6: no version information available (required by /lib/x86_64-linux-gnu/libcaca.so.0)
ffmpeg: /home/zihan/anaconda3/envs/x/lib/libncursesw.so.6: no version information available (required by /lib/x86_64-linux-gnu/libcaca.so.0)
ffmpeg: /home/zihan/anaconda3/envs/x/lib/libncursesw.so.6: no version information available (required by /lib/x86_64-linux-gnu/libcaca.so.0)
ffmpeg: /home/zihan/anaconda3/envs/x/lib/libtinfo.so.6: no version information available (required by /lib/x86_64-linux-gnu/libcaca.so.0)
ffmpeg: /home/zihan/anaconda3/envs/x/lib/libncursesw.so.6: no version information available (required by /lib/x86_64-linux-gnu/libcaca.so.0)
ffmpeg: /home/zihan/anaconda3/envs/x/lib/libncursesw.so.6: no version information available (required by /lib/x86_64-linux-gnu/libcaca.so.0)
/home/zihan/research/MARS/mars/rollout.py:21: FutureWarning: arrays to stack must be passed as a "sequence" type such as list or tuple. Support for non-sequence iterables such as generators is deprecated as of NumPy 1.16 and will raise an error in the future.
  rollout_normal(env, model, save_id, args)
/home/zihan/anaconda3/envs/x/lib/python3.7/site-packages/numpy/core/shape_base.py:420: VisibleDeprecationWarning: Creating an ndarray from ragged nested sequences (which is a list-or-tuple of lists-or-tuples-or ndarrays with different lengths or shapes) is deprecated. If you meant to do this, you must specify 'dtype=object' when creating the ndarray.
  arrays = [asanyarray(arr) for arr in arrays]
/home/zihan/research/MARS/mars/rollout.py:21: FutureWarning: arrays to stack must be passed as a "sequence" type such as list or tuple. Support for non-sequence iterables such as generators is deprecated as of NumPy 1.16 and will raise an error in the future.
  rollout_normal(env, model, save_id, args)
/home/zihan/anaconda3/envs/x/lib/python3.7/site-packages/numpy/core/shape_base.py:420: VisibleDeprecationWarning: Creating an ndarray from ragged nested sequences (which is a list-or-tuple of lists-or-tuples-or ndarrays with different lengths or shapes) is deprecated. If you meant to do this, you must specify 'dtype=object' when creating the ndarray.
  arrays = [asanyarray(arr) for arr in arrays]
/home/zihan/research/MARS/mars/rollout.py:21: FutureWarning: arrays to stack must be passed as a "sequence" type such as list or tuple. Support for non-sequence iterables such as generators is deprecated as of NumPy 1.16 and will raise an error in the future.
  rollout_normal(env, model, save_id, args)
/home/zihan/anaconda3/envs/x/lib/python3.7/site-packages/numpy/core/shape_base.py:420: VisibleDeprecationWarning: Creating an ndarray from ragged nested sequences (which is a list-or-tuple of lists-or-tuples-or ndarrays with different lengths or shapes) is deprecated. If you meant to do this, you must specify 'dtype=object' when creating the ndarray.
  arrays = [asanyarray(arr) for arr in arrays]
wandb: 429 encountered (Filestream rate limit exceeded, retrying in 2.2209900882884206 seconds), retrying request
ffmpeg: /home/zihan/anaconda3/envs/x/lib/libtinfo.so.6: no version information available (required by /lib/x86_64-linux-gnu/libcaca.so.0)
ffmpeg: /home/zihan/anaconda3/envs/x/lib/libncursesw.so.6: no version information available (required by /lib/x86_64-linux-gnu/libcaca.so.0)
ffmpeg: /home/zihan/anaconda3/envs/x/lib/libncursesw.so.6: no version information available (required by /lib/x86_64-linux-gnu/libcaca.so.0)
/home/zihan/anaconda3/envs/x/lib/python3.7/site-packages/numpy/core/fromnumeric.py:3441: RuntimeWarning: Mean of empty slice.
  out=out, **kwargs)
/home/zihan/anaconda3/envs/x/lib/python3.7/site-packages/numpy/core/_methods.py:189: RuntimeWarning: invalid value encountered in double_scalars
  ret = ret.dtype.type(ret / rcount)
/home/zihan/research/MARS/mars/rollout.py:21: FutureWarning: arrays to stack must be passed as a "sequence" type such as list or tuple. Support for non-sequence iterables such as generators is deprecated as of NumPy 1.16 and will raise an error in the future.
  rollout_normal(env, model, save_id, args)
/home/zihan/anaconda3/envs/x/lib/python3.7/site-packages/numpy/core/shape_base.py:420: VisibleDeprecationWarning: Creating an ndarray from ragged nested sequences (which is a list-or-tuple of lists-or-tuples-or ndarrays with different lengths or shapes) is deprecated. If you meant to do this, you must specify 'dtype=object' when creating the ndarray.
  arrays = [asanyarray(arr) for arr in arrays]
wandb: 429 encountered (Filestream rate limit exceeded, retrying in 2.3260246945075997 seconds), retrying request
wandb: 429 encountered (Filestream rate limit exceeded, retrying in 4.252682898038311 seconds), retrying request
ffmpeg: /home/zihan/anaconda3/envs/x/lib/libtinfo.so.6: no version information available (required by /lib/x86_64-linux-gnu/libcaca.so.0)
ffmpeg: /home/zihan/anaconda3/envs/x/lib/libncursesw.so.6: no version information available (required by /lib/x86_64-linux-gnu/libcaca.so.0)
ffmpeg: /home/zihan/anaconda3/envs/x/lib/libncursesw.so.6: no version information available (required by /lib/x86_64-linux-gnu/libcaca.so.0)
ffmpeg: /home/zihan/anaconda3/envs/x/lib/libtinfo.so.6: no version information available (required by /lib/x86_64-linux-gnu/libcaca.so.0)
ffmpeg: /home/zihan/anaconda3/envs/x/lib/libncursesw.so.6: no version information available (required by /lib/x86_64-linux-gnu/libcaca.so.0)
ffmpeg: /home/zihan/anaconda3/envs/x/lib/libncursesw.so.6: no version information available (required by /lib/x86_64-linux-gnu/libcaca.so.0)
/home/zihan/research/MARS/mars/rollout.py:21: FutureWarning: arrays to stack must be passed as a "sequence" type such as list or tuple. Support for non-sequence iterables such as generators is deprecated as of NumPy 1.16 and will raise an error in the future.
  rollout_normal(env, model, save_id, args)
/home/zihan/anaconda3/envs/x/lib/python3.7/site-packages/numpy/core/shape_base.py:420: VisibleDeprecationWarning: Creating an ndarray from ragged nested sequences (which is a list-or-tuple of lists-or-tuples-or ndarrays with different lengths or shapes) is deprecated. If you meant to do this, you must specify 'dtype=object' when creating the ndarray.
  arrays = [asanyarray(arr) for arr in arrays]
/home/zihan/research/MARS/mars/rollout.py:21: FutureWarning: arrays to stack must be passed as a "sequence" type such as list or tuple. Support for non-sequence iterables such as generators is deprecated as of NumPy 1.16 and will raise an error in the future.
  rollout_normal(env, model, save_id, args)
/home/zihan/anaconda3/envs/x/lib/python3.7/site-packages/numpy/core/shape_base.py:420: VisibleDeprecationWarning: Creating an ndarray from ragged nested sequences (which is a list-or-tuple of lists-or-tuples-or ndarrays with different lengths or shapes) is deprecated. If you meant to do this, you must specify 'dtype=object' when creating the ndarray.
  arrays = [asanyarray(arr) for arr in arrays]
wandb: 429 encountered (Filestream rate limit exceeded, retrying in 2.321052823859022 seconds), retrying request
wandb: 429 encountered (Filestream rate limit exceeded, retrying in 4.452331544790478 seconds), retrying request
ffmpeg: /home/zihan/anaconda3/envs/x/lib/libtinfo.so.6: no version information available (required by /lib/x86_64-linux-gnu/libcaca.so.0)
ffmpeg: /home/zihan/anaconda3/envs/x/lib/libncursesw.so.6: no version information available (required by /lib/x86_64-linux-gnu/libcaca.so.0)
ffmpeg: /home/zihan/anaconda3/envs/x/lib/libncursesw.so.6: no version information available (required by /lib/x86_64-linux-gnu/libcaca.so.0)
ffmpeg: /home/zihan/anaconda3/envs/x/lib/libtinfo.so.6: no version information available (required by /lib/x86_64-linux-gnu/libcaca.so.0)
ffmpeg: /home/zihan/anaconda3/envs/x/lib/libncursesw.so.6: no version information available (required by /lib/x86_64-linux-gnu/libcaca.so.0)
ffmpeg: /home/zihan/anaconda3/envs/x/lib/libncursesw.so.6: no version information available (required by /lib/x86_64-linux-gnu/libcaca.so.0)
ffmpeg: /home/zihan/anaconda3/envs/x/lib/libtinfo.so.6: no version information available (required by /lib/x86_64-linux-gnu/libcaca.so.0)
ffmpeg: /home/zihan/anaconda3/envs/x/lib/libncursesw.so.6: no version information available (required by /lib/x86_64-linux-gnu/libcaca.so.0)
ffmpeg: /home/zihan/anaconda3/envs/x/lib/libncursesw.so.6: no version information available (required by /lib/x86_64-linux-gnu/libcaca.so.0)
ffmpeg: /home/zihan/anaconda3/envs/x/lib/libtinfo.so.6: no version information available (required by /lib/x86_64-linux-gnu/libcaca.so.0)
ffmpeg: /home/zihan/anaconda3/envs/x/lib/libncursesw.so.6: no version information available (required by /lib/x86_64-linux-gnu/libcaca.so.0)
ffmpeg: /home/zihan/anaconda3/envs/x/lib/libncursesw.so.6: no version information available (required by /lib/x86_64-linux-gnu/libcaca.so.0)
ffmpeg: /home/zihan/anaconda3/envs/x/lib/libtinfo.so.6: no version information available (required by /lib/x86_64-linux-gnu/libcaca.so.0)
ffmpeg: /home/zihan/anaconda3/envs/x/lib/libncursesw.so.6: no version information available (required by /lib/x86_64-linux-gnu/libcaca.so.0)
ffmpeg: /home/zihan/anaconda3/envs/x/lib/libncursesw.so.6: no version information available (required by /lib/x86_64-linux-gnu/libcaca.so.0)
ffmpeg: /home/zihan/anaconda3/envs/x/lib/libtinfo.so.6: no version information available (required by /lib/x86_64-linux-gnu/libcaca.so.0)
ffmpeg: /home/zihan/anaconda3/envs/x/lib/libncursesw.so.6: no version information available (required by /lib/x86_64-linux-gnu/libcaca.so.0)
ffmpeg: /home/zihan/anaconda3/envs/x/lib/libncursesw.so.6: no version information available (required by /lib/x86_64-linux-gnu/libcaca.so.0)
ffmpeg: /home/zihan/anaconda3/envs/x/lib/libtinfo.so.6: no version information available (required by /lib/x86_64-linux-gnu/libcaca.so.0)
ffmpeg: /home/zihan/anaconda3/envs/x/lib/libncursesw.so.6: no version information available (required by /lib/x86_64-linux-gnu/libcaca.so.0)
ffmpeg: /home/zihan/anaconda3/envs/x/lib/libncursesw.so.6: no version information available (required by /lib/x86_64-linux-gnu/libcaca.so.0)
ffmpeg: /home/zihan/anaconda3/envs/x/lib/libtinfo.so.6: no version information available (required by /lib/x86_64-linux-gnu/libcaca.so.0)
ffmpeg: /home/zihan/anaconda3/envs/x/lib/libncursesw.so.6: no version information available (required by /lib/x86_64-linux-gnu/libcaca.so.0)
ffmpeg: /home/zihan/anaconda3/envs/x/lib/libncursesw.so.6: no version information available (required by /lib/x86_64-linux-gnu/libcaca.so.0)
ffmpeg: /home/zihan/anaconda3/envs/x/lib/libtinfo.so.6: no version information available (required by /lib/x86_64-linux-gnu/libcaca.so.0)
ffmpeg: /home/zihan/anaconda3/envs/x/lib/libncursesw.so.6: no version information available (required by /lib/x86_64-linux-gnu/libcaca.so.0)
ffmpeg: /home/zihan/anaconda3/envs/x/lib/libncursesw.so.6: no version information available (required by /lib/x86_64-linux-gnu/libcaca.so.0)
ffmpeg: /home/zihan/anaconda3/envs/x/lib/libtinfo.so.6: no version information available (required by /lib/x86_64-linux-gnu/libcaca.so.0)
ffmpeg: /home/zihan/anaconda3/envs/x/lib/libncursesw.so.6: no version information available (required by /lib/x86_64-linux-gnu/libcaca.so.0)
ffmpeg: /home/zihan/anaconda3/envs/x/lib/libncursesw.so.6: no version information available (required by /lib/x86_64-linux-gnu/libcaca.so.0)
ffmpeg: /home/zihan/anaconda3/envs/x/lib/libtinfo.so.6: no version information available (required by /lib/x86_64-linux-gnu/libcaca.so.0)
ffmpeg: /home/zihan/anaconda3/envs/x/lib/libncursesw.so.6: no version information available (required by /lib/x86_64-linux-gnu/libcaca.so.0)
ffmpeg: /home/zihan/anaconda3/envs/x/lib/libncursesw.so.6: no version information available (required by /lib/x86_64-linux-gnu/libcaca.so.0)
/home/zihan/research/MARS/mars/rollout.py:21: FutureWarning: arrays to stack must be passed as a "sequence" type such as list or tuple. Support for non-sequence iterables such as generators is deprecated as of NumPy 1.16 and will raise an error in the future.
  rollout_normal(env, model, save_id, args)
/home/zihan/anaconda3/envs/x/lib/python3.7/site-packages/numpy/core/shape_base.py:420: VisibleDeprecationWarning: Creating an ndarray from ragged nested sequences (which is a list-or-tuple of lists-or-tuples-or ndarrays with different lengths or shapes) is deprecated. If you meant to do this, you must specify 'dtype=object' when creating the ndarray.
  arrays = [asanyarray(arr) for arr in arrays]
/home/zihan/research/MARS/mars/rollout.py:21: FutureWarning: arrays to stack must be passed as a "sequence" type such as list or tuple. Support for non-sequence iterables such as generators is deprecated as of NumPy 1.16 and will raise an error in the future.
  rollout_normal(env, model, save_id, args)
/home/zihan/anaconda3/envs/x/lib/python3.7/site-packages/numpy/core/shape_base.py:420: VisibleDeprecationWarning: Creating an ndarray from ragged nested sequences (which is a list-or-tuple of lists-or-tuples-or ndarrays with different lengths or shapes) is deprecated. If you meant to do this, you must specify 'dtype=object' when creating the ndarray.
  arrays = [asanyarray(arr) for arr in arrays]
/home/zihan/research/MARS/mars/rollout.py:21: FutureWarning: arrays to stack must be passed as a "sequence" type such as list or tuple. Support for non-sequence iterables such as generators is deprecated as of NumPy 1.16 and will raise an error in the future.
  rollout_normal(env, model, save_id, args)
/home/zihan/anaconda3/envs/x/lib/python3.7/site-packages/numpy/core/shape_base.py:420: VisibleDeprecationWarning: Creating an ndarray from ragged nested sequences (which is a list-or-tuple of lists-or-tuples-or ndarrays with different lengths or shapes) is deprecated. If you meant to do this, you must specify 'dtype=object' when creating the ndarray.
  arrays = [asanyarray(arr) for arr in arrays]
/home/zihan/anaconda3/envs/x/lib/python3.7/site-packages/numpy/core/fromnumeric.py:3441: RuntimeWarning: Mean of empty slice.
  out=out, **kwargs)
/home/zihan/anaconda3/envs/x/lib/python3.7/site-packages/numpy/core/_methods.py:189: RuntimeWarning: invalid value encountered in double_scalars
  ret = ret.dtype.type(ret / rcount)
/home/zihan/research/MARS/mars/rollout.py:21: FutureWarning: arrays to stack must be passed as a "sequence" type such as list or tuple. Support for non-sequence iterables such as generators is deprecated as of NumPy 1.16 and will raise an error in the future.
  rollout_normal(env, model, save_id, args)
/home/zihan/anaconda3/envs/x/lib/python3.7/site-packages/numpy/core/shape_base.py:420: VisibleDeprecationWarning: Creating an ndarray from ragged nested sequences (which is a list-or-tuple of lists-or-tuples-or ndarrays with different lengths or shapes) is deprecated. If you meant to do this, you must specify 'dtype=object' when creating the ndarray.
  arrays = [asanyarray(arr) for arr in arrays]
/home/zihan/research/MARS/mars/rollout.py:21: FutureWarning: arrays to stack must be passed as a "sequence" type such as list or tuple. Support for non-sequence iterables such as generators is deprecated as of NumPy 1.16 and will raise an error in the future.
  rollout_normal(env, model, save_id, args)
/home/zihan/anaconda3/envs/x/lib/python3.7/site-packages/numpy/core/shape_base.py:420: VisibleDeprecationWarning: Creating an ndarray from ragged nested sequences (which is a list-or-tuple of lists-or-tuples-or ndarrays with different lengths or shapes) is deprecated. If you meant to do this, you must specify 'dtype=object' when creating the ndarray.
  arrays = [asanyarray(arr) for arr in arrays]
/home/zihan/research/MARS/mars/rollout.py:21: FutureWarning: arrays to stack must be passed as a "sequence" type such as list or tuple. Support for non-sequence iterables such as generators is deprecated as of NumPy 1.16 and will raise an error in the future.
  rollout_normal(env, model, save_id, args)
/home/zihan/anaconda3/envs/x/lib/python3.7/site-packages/numpy/core/shape_base.py:420: VisibleDeprecationWarning: Creating an ndarray from ragged nested sequences (which is a list-or-tuple of lists-or-tuples-or ndarrays with different lengths or shapes) is deprecated. If you meant to do this, you must specify 'dtype=object' when creating the ndarray.
  arrays = [asanyarray(arr) for arr in arrays]
/home/zihan/research/MARS/mars/rollout.py:21: FutureWarning: arrays to stack must be passed as a "sequence" type such as list or tuple. Support for non-sequence iterables such as generators is deprecated as of NumPy 1.16 and will raise an error in the future.
  rollout_normal(env, model, save_id, args)
/home/zihan/anaconda3/envs/x/lib/python3.7/site-packages/numpy/core/shape_base.py:420: VisibleDeprecationWarning: Creating an ndarray from ragged nested sequences (which is a list-or-tuple of lists-or-tuples-or ndarrays with different lengths or shapes) is deprecated. If you meant to do this, you must specify 'dtype=object' when creating the ndarray.
  arrays = [asanyarray(arr) for arr in arrays]
/home/zihan/research/MARS/mars/rollout.py:21: FutureWarning: arrays to stack must be passed as a "sequence" type such as list or tuple. Support for non-sequence iterables such as generators is deprecated as of NumPy 1.16 and will raise an error in the future.
  rollout_normal(env, model, save_id, args)
/home/zihan/anaconda3/envs/x/lib/python3.7/site-packages/numpy/core/shape_base.py:420: VisibleDeprecationWarning: Creating an ndarray from ragged nested sequences (which is a list-or-tuple of lists-or-tuples-or ndarrays with different lengths or shapes) is deprecated. If you meant to do this, you must specify 'dtype=object' when creating the ndarray.
  arrays = [asanyarray(arr) for arr in arrays]
/home/zihan/research/MARS/mars/rollout.py:21: FutureWarning: arrays to stack must be passed as a "sequence" type such as list or tuple. Support for non-sequence iterables such as generators is deprecated as of NumPy 1.16 and will raise an error in the future.
  rollout_normal(env, model, save_id, args)
/home/zihan/anaconda3/envs/x/lib/python3.7/site-packages/numpy/core/shape_base.py:420: VisibleDeprecationWarning: Creating an ndarray from ragged nested sequences (which is a list-or-tuple of lists-or-tuples-or ndarrays with different lengths or shapes) is deprecated. If you meant to do this, you must specify 'dtype=object' when creating the ndarray.
  arrays = [asanyarray(arr) for arr in arrays]
/home/zihan/anaconda3/envs/x/lib/python3.7/site-packages/numpy/core/fromnumeric.py:3441: RuntimeWarning: Mean of empty slice.
  out=out, **kwargs)
/home/zihan/anaconda3/envs/x/lib/python3.7/site-packages/numpy/core/_methods.py:189: RuntimeWarning: invalid value encountered in double_scalars
  ret = ret.dtype.type(ret / rcount)
/home/zihan/research/MARS/mars/rollout.py:21: FutureWarning: arrays to stack must be passed as a "sequence" type such as list or tuple. Support for non-sequence iterables such as generators is deprecated as of NumPy 1.16 and will raise an error in the future.
  rollout_normal(env, model, save_id, args)
/home/zihan/anaconda3/envs/x/lib/python3.7/site-packages/numpy/core/shape_base.py:420: VisibleDeprecationWarning: Creating an ndarray from ragged nested sequences (which is a list-or-tuple of lists-or-tuples-or ndarrays with different lengths or shapes) is deprecated. If you meant to do this, you must specify 'dtype=object' when creating the ndarray.
  arrays = [asanyarray(arr) for arr in arrays]
/home/zihan/research/MARS/mars/rollout.py:21: FutureWarning: arrays to stack must be passed as a "sequence" type such as list or tuple. Support for non-sequence iterables such as generators is deprecated as of NumPy 1.16 and will raise an error in the future.
  rollout_normal(env, model, save_id, args)
/home/zihan/anaconda3/envs/x/lib/python3.7/site-packages/numpy/core/shape_base.py:420: VisibleDeprecationWarning: Creating an ndarray from ragged nested sequences (which is a list-or-tuple of lists-or-tuples-or ndarrays with different lengths or shapes) is deprecated. If you meant to do this, you must specify 'dtype=object' when creating the ndarray.
  arrays = [asanyarray(arr) for arr in arrays]
ffmpeg: /home/zihan/anaconda3/envs/x/lib/libtinfo.so.6: no version information available (required by /lib/x86_64-linux-gnu/libcaca.so.0)
ffmpeg: /home/zihan/anaconda3/envs/x/lib/libncursesw.so.6: no version information available (required by /lib/x86_64-linux-gnu/libcaca.so.0)
ffmpeg: /home/zihan/anaconda3/envs/x/lib/libncursesw.so.6: no version information available (required by /lib/x86_64-linux-gnu/libcaca.so.0)
ffmpeg: /home/zihan/anaconda3/envs/x/lib/libtinfo.so.6: no version information available (required by /lib/x86_64-linux-gnu/libcaca.so.0)
ffmpeg: /home/zihan/anaconda3/envs/x/lib/libncursesw.so.6: no version information available (required by /lib/x86_64-linux-gnu/libcaca.so.0)
ffmpeg: /home/zihan/anaconda3/envs/x/lib/libncursesw.so.6: no version information available (required by /lib/x86_64-linux-gnu/libcaca.so.0)
ffmpeg: /home/zihan/anaconda3/envs/x/lib/libtinfo.so.6: no version information available (required by /lib/x86_64-linux-gnu/libcaca.so.0)
ffmpeg: /home/zihan/anaconda3/envs/x/lib/libncursesw.so.6: no version information available (required by /lib/x86_64-linux-gnu/libcaca.so.0)
ffmpeg: /home/zihan/anaconda3/envs/x/lib/libncursesw.so.6: no version information available (required by /lib/x86_64-linux-gnu/libcaca.so.0)
ffmpeg: /home/zihan/anaconda3/envs/x/lib/libtinfo.so.6: no version information available (required by /lib/x86_64-linux-gnu/libcaca.so.0)
ffmpeg: /home/zihan/anaconda3/envs/x/lib/libncursesw.so.6: no version information available (required by /lib/x86_64-linux-gnu/libcaca.so.0)
ffmpeg: /home/zihan/anaconda3/envs/x/lib/libncursesw.so.6: no version information available (required by /lib/x86_64-linux-gnu/libcaca.so.0)
ffmpeg: /home/zihan/anaconda3/envs/x/lib/libtinfo.so.6: no version information available (required by /lib/x86_64-linux-gnu/libcaca.so.0)
ffmpeg: /home/zihan/anaconda3/envs/x/lib/libncursesw.so.6: no version information available (required by /lib/x86_64-linux-gnu/libcaca.so.0)
ffmpeg: /home/zihan/anaconda3/envs/x/lib/libncursesw.so.6: no version information available (required by /lib/x86_64-linux-gnu/libcaca.so.0)
ffmpeg: /home/zihan/anaconda3/envs/x/lib/libtinfo.so.6: no version information available (required by /lib/x86_64-linux-gnu/libcaca.so.0)
ffmpeg: /home/zihan/anaconda3/envs/x/lib/libncursesw.so.6: no version information available (required by /lib/x86_64-linux-gnu/libcaca.so.0)
ffmpeg: /home/zihan/anaconda3/envs/x/lib/libncursesw.so.6: no version information available (required by /lib/x86_64-linux-gnu/libcaca.so.0)
ffmpeg: /home/zihan/anaconda3/envs/x/lib/libtinfo.so.6: no version information available (required by /lib/x86_64-linux-gnu/libcaca.so.0)
ffmpeg: /home/zihan/anaconda3/envs/x/lib/libncursesw.so.6: no version information available (required by /lib/x86_64-linux-gnu/libcaca.so.0)
ffmpeg: /home/zihan/anaconda3/envs/x/lib/libncursesw.so.6: no version information available (required by /lib/x86_64-linux-gnu/libcaca.so.0)
ffmpeg: /home/zihan/anaconda3/envs/x/lib/libtinfo.so.6: no version information available (required by /lib/x86_64-linux-gnu/libcaca.so.0)
ffmpeg: /home/zihan/anaconda3/envs/x/lib/libncursesw.so.6: no version information available (required by /lib/x86_64-linux-gnu/libcaca.so.0)
ffmpeg: /home/zihan/anaconda3/envs/x/lib/libncursesw.so.6: no version information available (required by /lib/x86_64-linux-gnu/libcaca.so.0)
ffmpeg: /home/zihan/anaconda3/envs/x/lib/libtinfo.so.6: no version information available (required by /lib/x86_64-linux-gnu/libcaca.so.0)
ffmpeg: /home/zihan/anaconda3/envs/x/lib/libncursesw.so.6: no version information available (required by /lib/x86_64-linux-gnu/libcaca.so.0)
ffmpeg: /home/zihan/anaconda3/envs/x/lib/libncursesw.so.6: no version information available (required by /lib/x86_64-linux-gnu/libcaca.so.0)
ffmpeg: /home/zihan/anaconda3/envs/x/lib/libtinfo.so.6: no version information available (required by /lib/x86_64-linux-gnu/libcaca.so.0)
ffmpeg: /home/zihan/anaconda3/envs/x/lib/libncursesw.so.6: no version information available (required by /lib/x86_64-linux-gnu/libcaca.so.0)
ffmpeg: /home/zihan/anaconda3/envs/x/lib/libncursesw.so.6: no version information available (required by /lib/x86_64-linux-gnu/libcaca.so.0)
ffmpeg: /home/zihan/anaconda3/envs/x/lib/libtinfo.so.6: no version information available (required by /lib/x86_64-linux-gnu/libcaca.so.0)
ffmpeg: /home/zihan/anaconda3/envs/x/lib/libncursesw.so.6: no version information available (required by /lib/x86_64-linux-gnu/libcaca.so.0)
ffmpeg: /home/zihan/anaconda3/envs/x/lib/libncursesw.so.6: no version information available (required by /lib/x86_64-linux-gnu/libcaca.so.0)
/home/zihan/research/MARS/mars/rollout.py:21: FutureWarning: arrays to stack must be passed as a "sequence" type such as list or tuple. Support for non-sequence iterables such as generators is deprecated as of NumPy 1.16 and will raise an error in the future.
  rollout_normal(env, model, save_id, args)
/home/zihan/anaconda3/envs/x/lib/python3.7/site-packages/numpy/core/shape_base.py:420: VisibleDeprecationWarning: Creating an ndarray from ragged nested sequences (which is a list-or-tuple of lists-or-tuples-or ndarrays with different lengths or shapes) is deprecated. If you meant to do this, you must specify 'dtype=object' when creating the ndarray.
  arrays = [asanyarray(arr) for arr in arrays]
/home/zihan/research/MARS/mars/rollout.py:21: FutureWarning: arrays to stack must be passed as a "sequence" type such as list or tuple. Support for non-sequence iterables such as generators is deprecated as of NumPy 1.16 and will raise an error in the future.
  rollout_normal(env, model, save_id, args)
/home/zihan/anaconda3/envs/x/lib/python3.7/site-packages/numpy/core/shape_base.py:420: VisibleDeprecationWarning: Creating an ndarray from ragged nested sequences (which is a list-or-tuple of lists-or-tuples-or ndarrays with different lengths or shapes) is deprecated. If you meant to do this, you must specify 'dtype=object' when creating the ndarray.
  arrays = [asanyarray(arr) for arr in arrays]
/home/zihan/research/MARS/mars/rollout.py:21: FutureWarning: arrays to stack must be passed as a "sequence" type such as list or tuple. Support for non-sequence iterables such as generators is deprecated as of NumPy 1.16 and will raise an error in the future.
  rollout_normal(env, model, save_id, args)
/home/zihan/anaconda3/envs/x/lib/python3.7/site-packages/numpy/core/shape_base.py:420: VisibleDeprecationWarning: Creating an ndarray from ragged nested sequences (which is a list-or-tuple of lists-or-tuples-or ndarrays with different lengths or shapes) is deprecated. If you meant to do this, you must specify 'dtype=object' when creating the ndarray.
  arrays = [asanyarray(arr) for arr in arrays]
/home/zihan/research/MARS/mars/rollout.py:21: FutureWarning: arrays to stack must be passed as a "sequence" type such as list or tuple. Support for non-sequence iterables such as generators is deprecated as of NumPy 1.16 and will raise an error in the future.
  rollout_normal(env, model, save_id, args)
/home/zihan/anaconda3/envs/x/lib/python3.7/site-packages/numpy/core/shape_base.py:420: VisibleDeprecationWarning: Creating an ndarray from ragged nested sequences (which is a list-or-tuple of lists-or-tuples-or ndarrays with different lengths or shapes) is deprecated. If you meant to do this, you must specify 'dtype=object' when creating the ndarray.
  arrays = [asanyarray(arr) for arr in arrays]
/home/zihan/anaconda3/envs/x/lib/python3.7/site-packages/numpy/core/fromnumeric.py:3441: RuntimeWarning: Mean of empty slice.
  out=out, **kwargs)
/home/zihan/anaconda3/envs/x/lib/python3.7/site-packages/numpy/core/_methods.py:189: RuntimeWarning: invalid value encountered in double_scalars
  ret = ret.dtype.type(ret / rcount)
/home/zihan/research/MARS/mars/rollout.py:21: FutureWarning: arrays to stack must be passed as a "sequence" type such as list or tuple. Support for non-sequence iterables such as generators is deprecated as of NumPy 1.16 and will raise an error in the future.
  rollout_normal(env, model, save_id, args)
/home/zihan/anaconda3/envs/x/lib/python3.7/site-packages/numpy/core/shape_base.py:420: VisibleDeprecationWarning: Creating an ndarray from ragged nested sequences (which is a list-or-tuple of lists-or-tuples-or ndarrays with different lengths or shapes) is deprecated. If you meant to do this, you must specify 'dtype=object' when creating the ndarray.
  arrays = [asanyarray(arr) for arr in arrays]
/home/zihan/research/MARS/mars/rollout.py:21: FutureWarning: arrays to stack must be passed as a "sequence" type such as list or tuple. Support for non-sequence iterables such as generators is deprecated as of NumPy 1.16 and will raise an error in the future.
  rollout_normal(env, model, save_id, args)
/home/zihan/anaconda3/envs/x/lib/python3.7/site-packages/numpy/core/shape_base.py:420: VisibleDeprecationWarning: Creating an ndarray from ragged nested sequences (which is a list-or-tuple of lists-or-tuples-or ndarrays with different lengths or shapes) is deprecated. If you meant to do this, you must specify 'dtype=object' when creating the ndarray.
  arrays = [asanyarray(arr) for arr in arrays]
/home/zihan/research/MARS/mars/rollout.py:21: FutureWarning: arrays to stack must be passed as a "sequence" type such as list or tuple. Support for non-sequence iterables such as generators is deprecated as of NumPy 1.16 and will raise an error in the future.
  rollout_normal(env, model, save_id, args)
/home/zihan/anaconda3/envs/x/lib/python3.7/site-packages/numpy/core/shape_base.py:420: VisibleDeprecationWarning: Creating an ndarray from ragged nested sequences (which is a list-or-tuple of lists-or-tuples-or ndarrays with different lengths or shapes) is deprecated. If you meant to do this, you must specify 'dtype=object' when creating the ndarray.
  arrays = [asanyarray(arr) for arr in arrays]
/home/zihan/research/MARS/mars/rollout.py:21: FutureWarning: arrays to stack must be passed as a "sequence" type such as list or tuple. Support for non-sequence iterables such as generators is deprecated as of NumPy 1.16 and will raise an error in the future.
  rollout_normal(env, model, save_id, args)
/home/zihan/anaconda3/envs/x/lib/python3.7/site-packages/numpy/core/shape_base.py:420: VisibleDeprecationWarning: Creating an ndarray from ragged nested sequences (which is a list-or-tuple of lists-or-tuples-or ndarrays with different lengths or shapes) is deprecated. If you meant to do this, you must specify 'dtype=object' when creating the ndarray.
  arrays = [asanyarray(arr) for arr in arrays]
/home/zihan/research/MARS/mars/rollout.py:21: FutureWarning: arrays to stack must be passed as a "sequence" type such as list or tuple. Support for non-sequence iterables such as generators is deprecated as of NumPy 1.16 and will raise an error in the future.
  rollout_normal(env, model, save_id, args)
/home/zihan/anaconda3/envs/x/lib/python3.7/site-packages/numpy/core/shape_base.py:420: VisibleDeprecationWarning: Creating an ndarray from ragged nested sequences (which is a list-or-tuple of lists-or-tuples-or ndarrays with different lengths or shapes) is deprecated. If you meant to do this, you must specify 'dtype=object' when creating the ndarray.
  arrays = [asanyarray(arr) for arr in arrays]
/home/zihan/research/MARS/mars/rollout.py:21: FutureWarning: arrays to stack must be passed as a "sequence" type such as list or tuple. Support for non-sequence iterables such as generators is deprecated as of NumPy 1.16 and will raise an error in the future.
  rollout_normal(env, model, save_id, args)
/home/zihan/anaconda3/envs/x/lib/python3.7/site-packages/numpy/core/shape_base.py:420: VisibleDeprecationWarning: Creating an ndarray from ragged nested sequences (which is a list-or-tuple of lists-or-tuples-or ndarrays with different lengths or shapes) is deprecated. If you meant to do this, you must specify 'dtype=object' when creating the ndarray.
  arrays = [asanyarray(arr) for arr in arrays]
/home/zihan/anaconda3/envs/x/lib/python3.7/site-packages/numpy/core/fromnumeric.py:3441: RuntimeWarning: Mean of empty slice.
  out=out, **kwargs)
/home/zihan/anaconda3/envs/x/lib/python3.7/site-packages/numpy/core/_methods.py:189: RuntimeWarning: invalid value encountered in double_scalars
  ret = ret.dtype.type(ret / rcount)
/home/zihan/research/MARS/mars/rollout.py:21: FutureWarning: arrays to stack must be passed as a "sequence" type such as list or tuple. Support for non-sequence iterables such as generators is deprecated as of NumPy 1.16 and will raise an error in the future.
  rollout_normal(env, model, save_id, args)
/home/zihan/anaconda3/envs/x/lib/python3.7/site-packages/numpy/core/shape_base.py:420: VisibleDeprecationWarning: Creating an ndarray from ragged nested sequences (which is a list-or-tuple of lists-or-tuples-or ndarrays with different lengths or shapes) is deprecated. If you meant to do this, you must specify 'dtype=object' when creating the ndarray.
  arrays = [asanyarray(arr) for arr in arrays]
ffmpeg: /home/zihan/anaconda3/envs/x/lib/libtinfo.so.6: no version information available (required by /lib/x86_64-linux-gnu/libcaca.so.0)
ffmpeg: /home/zihan/anaconda3/envs/x/lib/libncursesw.so.6: no version information available (required by /lib/x86_64-linux-gnu/libcaca.so.0)
ffmpeg: /home/zihan/anaconda3/envs/x/lib/libncursesw.so.6: no version information available (required by /lib/x86_64-linux-gnu/libcaca.so.0)
ffmpeg: /home/zihan/anaconda3/envs/x/lib/libtinfo.so.6: no version information available (required by /lib/x86_64-linux-gnu/libcaca.so.0)
ffmpeg: /home/zihan/anaconda3/envs/x/lib/libncursesw.so.6: no version information available (required by /lib/x86_64-linux-gnu/libcaca.so.0)
ffmpeg: /home/zihan/anaconda3/envs/x/lib/libncursesw.so.6: no version information available (required by /lib/x86_64-linux-gnu/libcaca.so.0)
ffmpeg: /home/zihan/anaconda3/envs/x/lib/libtinfo.so.6: no version information available (required by /lib/x86_64-linux-gnu/libcaca.so.0)
ffmpeg: /home/zihan/anaconda3/envs/x/lib/libncursesw.so.6: no version information available (required by /lib/x86_64-linux-gnu/libcaca.so.0)
ffmpeg: /home/zihan/anaconda3/envs/x/lib/libncursesw.so.6: no version information available (required by /lib/x86_64-linux-gnu/libcaca.so.0)
ffmpeg: /home/zihan/anaconda3/envs/x/lib/libtinfo.so.6: no version information available (required by /lib/x86_64-linux-gnu/libcaca.so.0)
ffmpeg: /home/zihan/anaconda3/envs/x/lib/libncursesw.so.6: no version information available (required by /lib/x86_64-linux-gnu/libcaca.so.0)
ffmpeg: /home/zihan/anaconda3/envs/x/lib/libncursesw.so.6: no version information available (required by /lib/x86_64-linux-gnu/libcaca.so.0)
ffmpeg: /home/zihan/anaconda3/envs/x/lib/libtinfo.so.6: no version information available (required by /lib/x86_64-linux-gnu/libcaca.so.0)
ffmpeg: /home/zihan/anaconda3/envs/x/lib/libncursesw.so.6: no version information available (required by /lib/x86_64-linux-gnu/libcaca.so.0)
ffmpeg: /home/zihan/anaconda3/envs/x/lib/libncursesw.so.6: no version information available (required by /lib/x86_64-linux-gnu/libcaca.so.0)
ffmpeg: /home/zihan/anaconda3/envs/x/lib/libtinfo.so.6: no version information available (required by /lib/x86_64-linux-gnu/libcaca.so.0)
ffmpeg: /home/zihan/anaconda3/envs/x/lib/libncursesw.so.6: no version information available (required by /lib/x86_64-linux-gnu/libcaca.so.0)
ffmpeg: /home/zihan/anaconda3/envs/x/lib/libncursesw.so.6: no version information available (required by /lib/x86_64-linux-gnu/libcaca.so.0)
ffmpeg: /home/zihan/anaconda3/envs/x/lib/libtinfo.so.6: no version information available (required by /lib/x86_64-linux-gnu/libcaca.so.0)
ffmpeg: /home/zihan/anaconda3/envs/x/lib/libncursesw.so.6: no version information available (required by /lib/x86_64-linux-gnu/libcaca.so.0)
ffmpeg: /home/zihan/anaconda3/envs/x/lib/libncursesw.so.6: no version information available (required by /lib/x86_64-linux-gnu/libcaca.so.0)
/home/zihan/anaconda3/envs/x/lib/python3.7/site-packages/tensorflow/python/framework/dtypes.py:516: FutureWarning: Passing (type, 1) or '1type' as a synonym of type is deprecated; in a future version of numpy, it will be understood as (type, (1,)) / '(1,)type'.
  _np_qint8 = np.dtype([("qint8", np.int8, 1)])
/home/zihan/anaconda3/envs/x/lib/python3.7/site-packages/tensorflow/python/framework/dtypes.py:517: FutureWarning: Passing (type, 1) or '1type' as a synonym of type is deprecated; in a future version of numpy, it will be understood as (type, (1,)) / '(1,)type'.
  _np_quint8 = np.dtype([("quint8", np.uint8, 1)])
/home/zihan/anaconda3/envs/x/lib/python3.7/site-packages/tensorflow/python/framework/dtypes.py:518: FutureWarning: Passing (type, 1) or '1type' as a synonym of type is deprecated; in a future version of numpy, it will be understood as (type, (1,)) / '(1,)type'.
  _np_qint16 = np.dtype([("qint16", np.int16, 1)])
/home/zihan/anaconda3/envs/x/lib/python3.7/site-packages/tensorflow/python/framework/dtypes.py:519: FutureWarning: Passing (type, 1) or '1type' as a synonym of type is deprecated; in a future version of numpy, it will be understood as (type, (1,)) / '(1,)type'.
  _np_quint16 = np.dtype([("quint16", np.uint16, 1)])
/home/zihan/anaconda3/envs/x/lib/python3.7/site-packages/tensorflow/python/framework/dtypes.py:520: FutureWarning: Passing (type, 1) or '1type' as a synonym of type is deprecated; in a future version of numpy, it will be understood as (type, (1,)) / '(1,)type'.
  _np_qint32 = np.dtype([("qint32", np.int32, 1)])
/home/zihan/anaconda3/envs/x/lib/python3.7/site-packages/tensorflow/python/framework/dtypes.py:525: FutureWarning: Passing (type, 1) or '1type' as a synonym of type is deprecated; in a future version of numpy, it will be understood as (type, (1,)) / '(1,)type'.
  np_resource = np.dtype([("resource", np.ubyte, 1)])
Thread SenderThread:
Traceback (most recent call last):
  File "/home/zihan/anaconda3/envs/x/lib/python3.7/site-packages/wandb/sdk/internal/internal_util.py", line 51, in run
    self._run()
  File "/home/zihan/anaconda3/envs/x/lib/python3.7/site-packages/wandb/sdk/internal/internal_util.py", line 102, in _run
    self._process(record)
  File "/home/zihan/anaconda3/envs/x/lib/python3.7/site-packages/wandb/sdk/internal/internal.py", line 310, in _process
    self._sm.send(record)
  File "/home/zihan/anaconda3/envs/x/lib/python3.7/site-packages/wandb/sdk/internal/sender.py", line 304, in send
    send_handler(record)
  File "/home/zihan/anaconda3/envs/x/lib/python3.7/site-packages/wandb/sdk/internal/sender.py", line 931, in send_summary
    self._update_summary()
  File "/home/zihan/anaconda3/envs/x/lib/python3.7/site-packages/wandb/sdk/internal/sender.py", line 943, in _update_summary
    with open(summary_path, "w") as f:
FileNotFoundError: [Errno 2] No such file or directory: '/home/zihan/research/MARS/wandb/run-20220919_191408-99uud9d2/files/wandb-summary.json'
wandb: ERROR Internal wandb error: file data was not synced
ffmpeg: /home/zihan/anaconda3/envs/x/lib/libtinfo.so.6: no version information available (required by /lib/x86_64-linux-gnu/libcaca.so.0)
ffmpeg: /home/zihan/anaconda3/envs/x/lib/libncursesw.so.6: no version information available (required by /lib/x86_64-linux-gnu/libcaca.so.0)
ffmpeg: /home/zihan/anaconda3/envs/x/lib/libncursesw.so.6: no version information available (required by /lib/x86_64-linux-gnu/libcaca.so.0)
/home/zihan/research/MARS/mars/rollout.py:21: FutureWarning: arrays to stack must be passed as a "sequence" type such as list or tuple. Support for non-sequence iterables such as generators is deprecated as of NumPy 1.16 and will raise an error in the future.
  rollout_normal(env, model, save_id, args)
/home/zihan/anaconda3/envs/x/lib/python3.7/site-packages/numpy/core/shape_base.py:420: VisibleDeprecationWarning: Creating an ndarray from ragged nested sequences (which is a list-or-tuple of lists-or-tuples-or ndarrays with different lengths or shapes) is deprecated. If you meant to do this, you must specify 'dtype=object' when creating the ndarray.
  arrays = [asanyarray(arr) for arr in arrays]
/home/zihan/research/MARS/mars/rollout.py:21: FutureWarning: arrays to stack must be passed as a "sequence" type such as list or tuple. Support for non-sequence iterables such as generators is deprecated as of NumPy 1.16 and will raise an error in the future.
  rollout_normal(env, model, save_id, args)
/home/zihan/anaconda3/envs/x/lib/python3.7/site-packages/numpy/core/shape_base.py:420: VisibleDeprecationWarning: Creating an ndarray from ragged nested sequences (which is a list-or-tuple of lists-or-tuples-or ndarrays with different lengths or shapes) is deprecated. If you meant to do this, you must specify 'dtype=object' when creating the ndarray.
  arrays = [asanyarray(arr) for arr in arrays]
/home/zihan/research/MARS/mars/rollout.py:21: FutureWarning: arrays to stack must be passed as a "sequence" type such as list or tuple. Support for non-sequence iterables such as generators is deprecated as of NumPy 1.16 and will raise an error in the future.
  rollout_normal(env, model, save_id, args)
/home/zihan/anaconda3/envs/x/lib/python3.7/site-packages/numpy/core/shape_base.py:420: VisibleDeprecationWarning: Creating an ndarray from ragged nested sequences (which is a list-or-tuple of lists-or-tuples-or ndarrays with different lengths or shapes) is deprecated. If you meant to do this, you must specify 'dtype=object' when creating the ndarray.
  arrays = [asanyarray(arr) for arr in arrays]
/home/zihan/research/MARS/mars/rollout.py:21: FutureWarning: arrays to stack must be passed as a "sequence" type such as list or tuple. Support for non-sequence iterables such as generators is deprecated as of NumPy 1.16 and will raise an error in the future.
  rollout_normal(env, model, save_id, args)
/home/zihan/anaconda3/envs/x/lib/python3.7/site-packages/numpy/core/shape_base.py:420: VisibleDeprecationWarning: Creating an ndarray from ragged nested sequences (which is a list-or-tuple of lists-or-tuples-or ndarrays with different lengths or shapes) is deprecated. If you meant to do this, you must specify 'dtype=object' when creating the ndarray.
  arrays = [asanyarray(arr) for arr in arrays]
/home/zihan/research/MARS/mars/rollout.py:21: FutureWarning: arrays to stack must be passed as a "sequence" type such as list or tuple. Support for non-sequence iterables such as generators is deprecated as of NumPy 1.16 and will raise an error in the future.
  rollout_normal(env, model, save_id, args)
/home/zihan/anaconda3/envs/x/lib/python3.7/site-packages/numpy/core/shape_base.py:420: VisibleDeprecationWarning: Creating an ndarray from ragged nested sequences (which is a list-or-tuple of lists-or-tuples-or ndarrays with different lengths or shapes) is deprecated. If you meant to do this, you must specify 'dtype=object' when creating the ndarray.
  arrays = [asanyarray(arr) for arr in arrays]
/home/zihan/anaconda3/envs/x/lib/python3.7/site-packages/numpy/core/fromnumeric.py:3441: RuntimeWarning: Mean of empty slice.
  out=out, **kwargs)
/home/zihan/anaconda3/envs/x/lib/python3.7/site-packages/numpy/core/_methods.py:189: RuntimeWarning: invalid value encountered in double_scalars
  ret = ret.dtype.type(ret / rcount)
/home/zihan/research/MARS/mars/rollout.py:21: FutureWarning: arrays to stack must be passed as a "sequence" type such as list or tuple. Support for non-sequence iterables such as generators is deprecated as of NumPy 1.16 and will raise an error in the future.
  rollout_normal(env, model, save_id, args)
/home/zihan/anaconda3/envs/x/lib/python3.7/site-packages/numpy/core/shape_base.py:420: VisibleDeprecationWarning: Creating an ndarray from ragged nested sequences (which is a list-or-tuple of lists-or-tuples-or ndarrays with different lengths or shapes) is deprecated. If you meant to do this, you must specify 'dtype=object' when creating the ndarray.
  arrays = [asanyarray(arr) for arr in arrays]
/home/zihan/research/MARS/mars/rollout.py:21: FutureWarning: arrays to stack must be passed as a "sequence" type such as list or tuple. Support for non-sequence iterables such as generators is deprecated as of NumPy 1.16 and will raise an error in the future.
  rollout_normal(env, model, save_id, args)
/home/zihan/anaconda3/envs/x/lib/python3.7/site-packages/numpy/core/shape_base.py:420: VisibleDeprecationWarning: Creating an ndarray from ragged nested sequences (which is a list-or-tuple of lists-or-tuples-or ndarrays with different lengths or shapes) is deprecated. If you meant to do this, you must specify 'dtype=object' when creating the ndarray.
  arrays = [asanyarray(arr) for arr in arrays]
/home/zihan/research/MARS/mars/rollout.py:21: FutureWarning: arrays to stack must be passed as a "sequence" type such as list or tuple. Support for non-sequence iterables such as generators is deprecated as of NumPy 1.16 and will raise an error in the future.
  rollout_normal(env, model, save_id, args)
/home/zihan/anaconda3/envs/x/lib/python3.7/site-packages/numpy/core/shape_base.py:420: VisibleDeprecationWarning: Creating an ndarray from ragged nested sequences (which is a list-or-tuple of lists-or-tuples-or ndarrays with different lengths or shapes) is deprecated. If you meant to do this, you must specify 'dtype=object' when creating the ndarray.
  arrays = [asanyarray(arr) for arr in arrays]
pettingzoo_surround_v2
default:  {'env_name': 'surround_v2', 'env_type': 'pettingzoo', 'num_envs': 5, 'ram': True, 'seed': 'random', 'record_video': False, 'algorithm': 'DQN', 'algorithm_spec': {'episodic_update': False, 'dueling': False, 'replay_buffer_size': '1e5', 'gamma': 0.99, 'multi_step': 1, 'target_update_interval': 1000, 'eps_start': 1.0, 'eps_final': 0.001, 'eps_decay': 100000}, 'num_process': 1, 'batch_size': 128, 'max_episodes': 10000, 'max_steps_per_episode': 300, 'train_start_frame': 0, 'save_id': 0, 'optimizer': 'adam', 'learning_rate': '1e-4', 'device': 'gpu', 'update_itr': 1, 'log_avg_window': 20, 'log_interval': 20, 'render': False, 'test': False, 'exploit': False, 'load_model_idx': False, 'load_model_full_path': False, 'multiprocess': False, 'eval_models': False, 'save_path': '', 'save_interval': 2000, 'wandb_activate': False, 'wandb_entity': '', 'wandb_project': '', 'wandb_group': '', 'wandb_name': '', 'net_architecture': {'hidden_dim_list': [128, 128, 128, 128], 'hidden_activation': 'ReLU', 'output_activation': False}, 'marl_method': 'selfplay', 'marl_spec': {'min_update_interval': 20, 'score_avg_window': 10, 'global_state': False, 'selfplay_score_delta': 3, 'trainable_agent_idx': 0, 'opponent_idx': 1}}
{'env_name': 'surround_v2', 'env_type': 'pettingzoo', 'num_envs': 5, 'ram': True, 'seed': 'random', 'record_video': True, 'algorithm': 'DQN', 'algorithm_spec': {'episodic_update': False, 'dueling': False, 'replay_buffer_size': '1e5', 'gamma': 0.99, 'multi_step': 1, 'target_update_interval': 1000, 'eps_start': 1.0, 'eps_final': 0.001, 'eps_decay': 100000}, 'num_process': 1, 'batch_size': 128, 'max_episodes': 10000, 'max_steps_per_episode': 300, 'train_start_frame': 0, 'save_id': 202209191914, 'optimizer': 'adam', 'learning_rate': '1e-4', 'device': 'gpu', 'update_itr': 1, 'log_avg_window': 20, 'log_interval': 20, 'render': False, 'test': False, 'exploit': False, 'load_model_idx': False, 'load_model_full_path': False, 'multiprocess': False, 'eval_models': False, 'save_path': '', 'save_interval': 2000, 'wandb_activate': True, 'wandb_entity': 'quantumiracle', 'wandb_project': '', 'wandb_group': '', 'wandb_name': '', 'net_architecture': {'hidden_dim_list': [128, 128, 128, 128], 'hidden_activation': 'ReLU', 'output_activation': False}, 'marl_method': 'selfplay', 'marl_spec': {'min_update_interval': 20, 'score_avg_window': 10, 'global_state': False, 'selfplay_score_delta': 3, 'trainable_agent_idx': 0, 'opponent_idx': 1}, 'record_video_interval': 1000}
args:  {'env_name': 'surround_v2', 'env_type': 'pettingzoo', 'num_envs': 5, 'ram': True, 'seed': 'random', 'record_video': True, 'algorithm': 'DQN', 'algorithm_spec': {'episodic_update': False, 'dueling': False, 'replay_buffer_size': '1e5', 'gamma': 0.99, 'multi_step': 1, 'target_update_interval': 1000, 'eps_start': 1.0, 'eps_final': 0.001, 'eps_decay': 100000}, 'num_process': 1, 'batch_size': 128, 'max_episodes': 10000, 'max_steps_per_episode': 300, 'train_start_frame': 0, 'save_id': 202209191914, 'optimizer': 'adam', 'learning_rate': '1e-4', 'device': 'gpu', 'update_itr': 1, 'log_avg_window': 20, 'log_interval': 20, 'render': False, 'test': False, 'exploit': False, 'load_model_idx': False, 'load_model_full_path': False, 'multiprocess': False, 'eval_models': False, 'save_path': '', 'save_interval': 2000, 'wandb_activate': True, 'wandb_entity': 'quantumiracle', 'wandb_project': 'Pettingzoo_MARS', 'wandb_group': '202209191914', 'wandb_name': 'pettingzoo_surround_v2_selfplay_202209191914', 'net_architecture': {'hidden_dim_list': [128, 128, 128, 128], 'hidden_activation': 'ReLU', 'output_activation': False}, 'marl_method': 'selfplay', 'marl_spec': {'min_update_interval': 20, 'score_avg_window': 10, 'global_state': False, 'selfplay_score_delta': 3, 'trainable_agent_idx': 0, 'opponent_idx': 1}, 'record_video_interval': 1000}
surround_v2 pettingzoo
record video: interval 1000, length 300
Load surround_v2 environment in type pettingzoo.
Env observation space: <bound method aec_to_parallel_wrapper.observation_space of <pettingzoo.utils.conversions.aec_to_parallel_wrapper object at 0x7fdbefdd3c88>> action space: <bound method aec_to_parallel_wrapper.action_space of <pettingzoo.utils.conversions.aec_to_parallel_wrapper object at 0x7fdbefdd3c88>>
random seed: [171, 904, 358, 913, 898]
<mars.env.wrappers.mars_wrappers.SSVecWrapper object at 0x7fdbefdfd9b0>
discrete_policy 5 Discrete(5)
discrete_policy 5 Discrete(5)
discrete_policy 5 Discrete(5)
Agents No. [1] (index starting from 0) are not learnable.
Arguments:  {'env_name': 'surround_v2', 'env_type': 'pettingzoo', 'num_envs': 5, 'ram': True, 'seed': 'random', 'record_video': True, 'algorithm': 'DQN', 'algorithm_spec': {'episodic_update': False, 'dueling': False, 'replay_buffer_size': '1e5', 'gamma': 0.99, 'multi_step': 1, 'target_update_interval': 1000, 'eps_start': 1.0, 'eps_final': 0.001, 'eps_decay': 100000}, 'num_process': 1, 'batch_size': 128, 'max_episodes': 10000, 'max_steps_per_episode': 300, 'train_start_frame': 0, 'save_id': 202209191914, 'optimizer': 'adam', 'learning_rate': '1e-4', 'device': 'gpu', 'update_itr': 1, 'log_avg_window': 20, 'log_interval': 20, 'render': False, 'test': False, 'exploit': False, 'load_model_idx': False, 'load_model_full_path': False, 'multiprocess': False, 'eval_models': False, 'save_path': '', 'save_interval': 2000, 'wandb_activate': True, 'wandb_entity': 'quantumiracle', 'wandb_project': 'Pettingzoo_MARS', 'wandb_group': '202209191914', 'wandb_name': 'pettingzoo_surround_v2_selfplay_202209191914', 'net_architecture': {'hidden_dim_list': [128, 128, 128, 128], 'hidden_activation': 'ReLU', 'output_activation': False}, 'marl_method': 'selfplay', 'marl_spec': {'min_update_interval': 20, 'score_avg_window': 10, 'global_state': False, 'selfplay_score_delta': 3, 'trainable_agent_idx': 0, 'opponent_idx': 1}, 'record_video_interval': 1000}
Save models to : /home/zihan/research/MARS/data/model/202209191914/pettingzoo_surround_v2_selfplay. 
 Save logs to: /home/zihan/research/MARS/data/log/202209191914/pettingzoo_surround_v2_selfplay.
Episode: 1/10000 (0.0100%),                 avg. length: 299.0,                last time consumption/overall running time: 3.90s / 3.90 s
first_0:                 episode reward: 2.0000,                 loss: 0.9842
second_0:                 episode reward: -2.0000,                 loss: nan
Episode: 21/10000 (0.2100%),                 avg. length: 299.0,                last time consumption/overall running time: 74.99s / 78.90 s
first_0:                 episode reward: 1.3500,                 loss: 0.2349
second_0:                 episode reward: -1.3500,                 loss: nan
Score delta: 3.4, update the opponent.
Episode: 41/10000 (0.4100%),                 avg. length: 299.0,                last time consumption/overall running time: 74.55s / 153.45 s
first_0:                 episode reward: 1.6000,                 loss: nan
second_0:                 episode reward: -1.6000,                 loss: 0.0948
Episode: 61/10000 (0.6100%),                 avg. length: 299.0,                last time consumption/overall running time: 75.49s / 228.93 s
first_0:                 episode reward: 1.5000,                 loss: nan
second_0:                 episode reward: -1.5000,                 loss: 0.0819
Episode: 81/10000 (0.8100%),                 avg. length: 299.0,                last time consumption/overall running time: 76.21s / 305.14 s
first_0:                 episode reward: 1.6000,                 loss: nan
second_0:                 episode reward: -1.6000,                 loss: 0.0659
Episode: 101/10000 (1.0100%),                 avg. length: 299.0,                last time consumption/overall running time: 76.38s / 381.52 s
first_0:                 episode reward: 1.1500,                 loss: nan
second_0:                 episode reward: -1.1500,                 loss: 0.0509
Episode: 121/10000 (1.2100%),                 avg. length: 299.0,                last time consumption/overall running time: 58.45s / 439.97 s
first_0:                 episode reward: 1.6000,                 loss: nan
second_0:                 episode reward: -1.6000,                 loss: 0.0417
Traceback (most recent call last):
  File "general_train.py", line 28, in <module>
    launch()  # vars: Namespace -> dict
  File "general_train.py", line 25, in launch
    rollout(env, model, args, args.save_id)
  File "/home/zihan/research/MARS/mars/rollout.py", line 21, in rollout
    rollout_normal(env, model, save_id, args)
  File "/home/zihan/research/MARS/mars/rollout.py", line 128, in rollout_normal
    obs_, reward, done, info = env.step(action)  # required action shape: (envs, agents, dim)
  File "/home/zihan/research/MARS/mars/env/wrappers/mars_wrappers.py", line 265, in step
    obs, reward, done, info = self.env.step(actions)
  File "/home/zihan/anaconda3/envs/x/lib/python3.7/site-packages/gym/wrappers/record_video.py", line 101, in step
    self.close_video_recorder()
  File "/home/zihan/anaconda3/envs/x/lib/python3.7/site-packages/gym/wrappers/record_video.py", line 116, in close_video_recorder
    self.video_recorder.close()
  File "/home/zihan/anaconda3/envs/x/lib/python3.7/site-packages/gym/wrappers/monitoring/video_recorder.py", line 154, in close
    self.encoder.close()
  File "/home/zihan/anaconda3/envs/x/lib/python3.7/site-packages/wandb/integration/gym/__init__.py", line 20, in close
    wandb.log({key: wandb.Video(self.output_path)})
  File "/home/zihan/anaconda3/envs/x/lib/python3.7/site-packages/wandb/sdk/wandb_run.py", line 289, in wrapper
    return func(self, *args, **kwargs)
  File "/home/zihan/anaconda3/envs/x/lib/python3.7/site-packages/wandb/sdk/wandb_run.py", line 255, in wrapper
    return func(self, *args, **kwargs)
  File "/home/zihan/anaconda3/envs/x/lib/python3.7/site-packages/wandb/sdk/wandb_run.py", line 1590, in log
    self._log(data=data, step=step, commit=commit)
  File "/home/zihan/anaconda3/envs/x/lib/python3.7/site-packages/wandb/sdk/wandb_run.py", line 1374, in _log
    self._partial_history_callback(data, step, commit)
  File "/home/zihan/anaconda3/envs/x/lib/python3.7/site-packages/wandb/sdk/wandb_run.py", line 1263, in _partial_history_callback
    publish_step=not_using_tensorboard,
  File "/home/zihan/anaconda3/envs/x/lib/python3.7/site-packages/wandb/sdk/interface/interface.py", line 541, in publish_partial_history
    data = history_dict_to_json(run, data, step=user_step, ignore_copy_err=True)
  File "/home/zihan/anaconda3/envs/x/lib/python3.7/site-packages/wandb/sdk/data_types/utils.py", line 55, in history_dict_to_json
    run, key, val, namespace=step, ignore_copy_err=ignore_copy_err
  File "/home/zihan/anaconda3/envs/x/lib/python3.7/site-packages/wandb/sdk/data_types/utils.py", line 162, in val_to_json
    val.bind_to_run(run, key, namespace)
  File "/home/zihan/anaconda3/envs/x/lib/python3.7/site-packages/wandb/sdk/data_types/base_types/media.py", line 143, in bind_to_run
    _datatypes_callback(media_path)
  File "/home/zihan/anaconda3/envs/x/lib/python3.7/site-packages/wandb/_globals.py", line 19, in _datatypes_callback
    _glob_datatypes_callback(fname)
  File "/home/zihan/anaconda3/envs/x/lib/python3.7/site-packages/wandb/sdk/wandb_run.py", line 1216, in _datatypes_callback
    self._backend.interface.publish_files(files)
  File "/home/zihan/anaconda3/envs/x/lib/python3.7/site-packages/wandb/sdk/interface/interface.py", line 362, in publish_files
    self._publish_files(files)
  File "/home/zihan/anaconda3/envs/x/lib/python3.7/site-packages/wandb/sdk/interface/interface_shared.py", line 344, in _publish_files
    self._publish(rec)
  File "/home/zihan/anaconda3/envs/x/lib/python3.7/site-packages/wandb/sdk/interface/interface_sock.py", line 51, in _publish
    self._sock_client.send_record_publish(record)
  File "/home/zihan/anaconda3/envs/x/lib/python3.7/site-packages/wandb/sdk/lib/sock_client.py", line 150, in send_record_publish
    self.send_server_request(server_req)
  File "/home/zihan/anaconda3/envs/x/lib/python3.7/site-packages/wandb/sdk/lib/sock_client.py", line 84, in send_server_request
    self._send_message(msg)
  File "/home/zihan/anaconda3/envs/x/lib/python3.7/site-packages/wandb/sdk/lib/sock_client.py", line 81, in _send_message
    self._sendall_with_error_handle(header + data)
  File "/home/zihan/anaconda3/envs/x/lib/python3.7/site-packages/wandb/sdk/lib/sock_client.py", line 61, in _sendall_with_error_handle
    sent = self._sock.send(data[total_sent:])
BrokenPipeError: [Errno 32] Broken pipe
Error in atexit._run_exitfuncs:
Traceback (most recent call last):
  File "/home/zihan/anaconda3/envs/x/lib/python3.7/site-packages/wandb/sdk/lib/sock_client.py", line 81, in _send_message
    self._sendall_with_error_handle(header + data)
  File "/home/zihan/anaconda3/envs/x/lib/python3.7/site-packages/wandb/sdk/lib/sock_client.py", line 61, in _sendall_with_error_handle
    sent = self._sock.send(data[total_sent:])
BrokenPipeError: [Errno 32] Broken pipe
