wandb: W&B API key is configured. Use `wandb login --relogin` to force relogin
wandb: wandb version 0.13.3 is available!  To upgrade, please run:
wandb:  $ pip install wandb --upgrade
wandb: Tracking run with wandb version 0.13.0
wandb: Run data is saved locally in /home/zihan/research/MARS/wandb/run-20220920_023126-2d5kyb56
wandb: Run `wandb offline` to turn off syncing.
wandb: Syncing run pettingzoo_double_dunk_v3_nash_dqn_exploiter_202209200231
wandb: ‚≠êÔ∏è View project at https://wandb.ai/quantumiracle/Pettingzoo_MARS
wandb: üöÄ View run at https://wandb.ai/quantumiracle/Pettingzoo_MARS/runs/2d5kyb56
wandb: 429 encountered (Filestream rate limit exceeded, retrying in 2.186613420505651 seconds), retrying request
wandb: 429 encountered (Filestream rate limit exceeded, retrying in 4.049611352665776 seconds), retrying request
wandb: 429 encountered (Filestream rate limit exceeded, retrying in 8.103919600384408 seconds), retrying request
wandb: 429 encountered (Filestream rate limit exceeded, retrying in 2.0943907166959 seconds), retrying request
wandb: 429 encountered (Filestream rate limit exceeded, retrying in 2.4674337837940112 seconds), retrying request
wandb: 429 encountered (Filestream rate limit exceeded, retrying in 4.654905881948843 seconds), retrying request
wandb: 429 encountered (Filestream rate limit exceeded, retrying in 2.323228676246514 seconds), retrying request
wandb: 429 encountered (Filestream rate limit exceeded, retrying in 2.4941975492372466 seconds), retrying request
wandb: 429 encountered (Filestream rate limit exceeded, retrying in 2.4793146471139798 seconds), retrying request
wandb: 429 encountered (Filestream rate limit exceeded, retrying in 4.980232838175715 seconds), retrying request
wandb: 429 encountered (Filestream rate limit exceeded, retrying in 2.4745914791364894 seconds), retrying request
wandb: 429 encountered (Filestream rate limit exceeded, retrying in 2.107324288863304 seconds), retrying request
wandb: 429 encountered (Filestream rate limit exceeded, retrying in 4.1913623492692205 seconds), retrying request
wandb: 429 encountered (Filestream rate limit exceeded, retrying in 4.480072109336919 seconds), retrying request
wandb: 429 encountered (Filestream rate limit exceeded, retrying in 8.792325055358859 seconds), retrying request
wandb: 429 encountered (Filestream rate limit exceeded, retrying in 2.181323000985374 seconds), retrying request
wandb: 429 encountered (Filestream rate limit exceeded, retrying in 4.170281142235835 seconds), retrying request
wandb: 429 encountered (Filestream rate limit exceeded, retrying in 2.3108388364476764 seconds), retrying request
wandb: 429 encountered (Filestream rate limit exceeded, retrying in 4.867472677927965 seconds), retrying request
wandb: 429 encountered (Filestream rate limit exceeded, retrying in 2.409306939238854 seconds), retrying request
wandb: 429 encountered (Filestream rate limit exceeded, retrying in 2.152050173993065 seconds), retrying request
wandb: 429 encountered (Filestream rate limit exceeded, retrying in 2.382624569293071 seconds), retrying request
wandb: 429 encountered (Filestream rate limit exceeded, retrying in 2.155426191395081 seconds), retrying request
wandb: 429 encountered (Filestream rate limit exceeded, retrying in 4.953576270107102 seconds), retrying request
wandb: 429 encountered (Filestream rate limit exceeded, retrying in 2.367873889253687 seconds), retrying request
wandb: 429 encountered (Filestream rate limit exceeded, retrying in 4.851345878000029 seconds), retrying request
wandb: 429 encountered (Filestream rate limit exceeded, retrying in 9.68663142385211 seconds), retrying request
wandb: 429 encountered (Filestream rate limit exceeded, retrying in 19.91085445118598 seconds), retrying request
wandb: 429 encountered (Filestream rate limit exceeded, retrying in 36.86202759111809 seconds), retrying request
wandb: 429 encountered (Filestream rate limit exceeded, retrying in 2.3657230682909134 seconds), retrying request
wandb: 429 encountered (Filestream rate limit exceeded, retrying in 2.2312234587892075 seconds), retrying request
wandb: 429 encountered (Filestream rate limit exceeded, retrying in 2.2028271071741665 seconds), retrying request
wandb: 429 encountered (Filestream rate limit exceeded, retrying in 4.227334291659956 seconds), retrying request
wandb: 429 encountered (Filestream rate limit exceeded, retrying in 17.25253753785527 seconds), retrying request
wandb: 429 encountered (Filestream rate limit exceeded, retrying in 33.30719422814492 seconds), retrying request
wandb: 429 encountered (Filestream rate limit exceeded, retrying in 2.0508849078257105 seconds), retrying request
wandb: 429 encountered (Filestream rate limit exceeded, retrying in 4.051675509620611 seconds), retrying request
wandb: 429 encountered (Filestream rate limit exceeded, retrying in 8.730056786257975 seconds), retrying request
wandb: 429 encountered (Filestream rate limit exceeded, retrying in 2.176203610207476 seconds), retrying request
wandb: 429 encountered (Filestream rate limit exceeded, retrying in 2.2999735435858555 seconds), retrying request
wandb: 429 encountered (Filestream rate limit exceeded, retrying in 4.545413989834209 seconds), retrying request
wandb: 429 encountered (Filestream rate limit exceeded, retrying in 2.161350817458504 seconds), retrying request
wandb: 429 encountered (Filestream rate limit exceeded, retrying in 4.659403053814159 seconds), retrying request
wandb: 429 encountered (Filestream rate limit exceeded, retrying in 2.406351793009867 seconds), retrying request
wandb: 429 encountered (Filestream rate limit exceeded, retrying in 4.909294389461709 seconds), retrying request
wandb: 429 encountered (Filestream rate limit exceeded, retrying in 2.3220693664159473 seconds), retrying request
wandb: 429 encountered (Filestream rate limit exceeded, retrying in 2.4046599353802414 seconds), retrying request
wandb: 429 encountered (Filestream rate limit exceeded, retrying in 4.63184602679088 seconds), retrying request
wandb: 429 encountered (Filestream rate limit exceeded, retrying in 2.1630332026942574 seconds), retrying request
wandb: 429 encountered (Filestream rate limit exceeded, retrying in 4.449037438747017 seconds), retrying request
wandb: 429 encountered (Filestream rate limit exceeded, retrying in 2.4823020362166837 seconds), retrying request
wandb: 429 encountered (Filestream rate limit exceeded, retrying in 2.0136806697774587 seconds), retrying request
wandb: 429 encountered (Filestream rate limit exceeded, retrying in 4.8766880944178155 seconds), retrying request
wandb: 429 encountered (Filestream rate limit exceeded, retrying in 8.301875203845198 seconds), retrying request
wandb: 429 encountered (Filestream rate limit exceeded, retrying in 17.24875399484544 seconds), retrying request
wandb: 429 encountered (Filestream rate limit exceeded, retrying in 36.030908931920344 seconds), retrying request
wandb: 429 encountered (Filestream rate limit exceeded, retrying in 2.410884390760545 seconds), retrying request
wandb: 429 encountered (Filestream rate limit exceeded, retrying in 4.588424676613081 seconds), retrying request
wandb: 429 encountered (Filestream rate limit exceeded, retrying in 2.1716980988765133 seconds), retrying request
wandb: 429 encountered (Filestream rate limit exceeded, retrying in 4.885805448780536 seconds), retrying request
wandb: 429 encountered (Filestream rate limit exceeded, retrying in 2.095442400981002 seconds), retrying request
wandb: 429 encountered (Filestream rate limit exceeded, retrying in 2.0137224677853123 seconds), retrying request
wandb: 429 encountered (Filestream rate limit exceeded, retrying in 2.2044711900276814 seconds), retrying request
wandb: 429 encountered (Filestream rate limit exceeded, retrying in 4.753249676810266 seconds), retrying request
wandb: 429 encountered (Filestream rate limit exceeded, retrying in 2.2918412776854815 seconds), retrying request
wandb: 429 encountered (Filestream rate limit exceeded, retrying in 4.750666327327682 seconds), retrying request
wandb: 429 encountered (Filestream rate limit exceeded, retrying in 2.448910391034516 seconds), retrying request
wandb: 429 encountered (Filestream rate limit exceeded, retrying in 2.1008174284809975 seconds), retrying request
wandb: 429 encountered (Filestream rate limit exceeded, retrying in 2.4675045356243923 seconds), retrying request
wandb: 429 encountered (Filestream rate limit exceeded, retrying in 4.025483373892274 seconds), retrying request
wandb: 429 encountered (Filestream rate limit exceeded, retrying in 2.3923964530623687 seconds), retrying request
wandb: 429 encountered (Filestream rate limit exceeded, retrying in 2.444857368985901 seconds), retrying request
wandb: 429 encountered (Filestream rate limit exceeded, retrying in 4.622788564579721 seconds), retrying request
wandb: 429 encountered (Filestream rate limit exceeded, retrying in 2.0592701395026602 seconds), retrying request
wandb: 429 encountered (Filestream rate limit exceeded, retrying in 4.8213707650148585 seconds), retrying request
wandb: 429 encountered (Filestream rate limit exceeded, retrying in 2.176163240068838 seconds), retrying request
wandb: 429 encountered (Filestream rate limit exceeded, retrying in 2.166673565598828 seconds), retrying request
wandb: 429 encountered (Filestream rate limit exceeded, retrying in 4.477219879864147 seconds), retrying request
wandb: 429 encountered (Filestream rate limit exceeded, retrying in 9.571561167462276 seconds), retrying request
wandb: 429 encountered (Filestream rate limit exceeded, retrying in 17.901961995362917 seconds), retrying request
wandb: 429 encountered (Filestream rate limit exceeded, retrying in 2.422922341377145 seconds), retrying request
wandb: 429 encountered (Filestream rate limit exceeded, retrying in 4.2706315812051425 seconds), retrying request
wandb: 429 encountered (Filestream rate limit exceeded, retrying in 2.1926650986238942 seconds), retrying request
wandb: 429 encountered (Filestream rate limit exceeded, retrying in 4.498013288761082 seconds), retrying request
wandb: 429 encountered (Filestream rate limit exceeded, retrying in 2.2334528940245324 seconds), retrying request
wandb: 429 encountered (Filestream rate limit exceeded, retrying in 2.243232857426181 seconds), retrying request
wandb: 429 encountered (Filestream rate limit exceeded, retrying in 4.432011847149671 seconds), retrying request
wandb: 429 encountered (Filestream rate limit exceeded, retrying in 8.642936377717733 seconds), retrying request
wandb: 429 encountered (Filestream rate limit exceeded, retrying in 2.358037540746326 seconds), retrying request
wandb: 429 encountered (Filestream rate limit exceeded, retrying in 4.010782785502231 seconds), retrying request
wandb: 429 encountered (Filestream rate limit exceeded, retrying in 8.321691074405788 seconds), retrying request
wandb: 429 encountered (Filestream rate limit exceeded, retrying in 2.402217608660007 seconds), retrying request
wandb: 429 encountered (Filestream rate limit exceeded, retrying in 4.081810978774667 seconds), retrying request
wandb: 429 encountered (Filestream rate limit exceeded, retrying in 2.253622664660563 seconds), retrying request
wandb: 429 encountered (Filestream rate limit exceeded, retrying in 4.597576507058421 seconds), retrying request
wandb: 429 encountered (Filestream rate limit exceeded, retrying in 9.664752586737189 seconds), retrying request
wandb: 429 encountered (Filestream rate limit exceeded, retrying in 16.202633412039106 seconds), retrying request
wandb: 429 encountered (Filestream rate limit exceeded, retrying in 39.624634487977254 seconds), retrying request
wandb: 429 encountered (Filestream rate limit exceeded, retrying in 2.4877897516322145 seconds), retrying request
wandb: 429 encountered (Filestream rate limit exceeded, retrying in 2.2699368570172465 seconds), retrying request
wandb: 429 encountered (Filestream rate limit exceeded, retrying in 2.151805697515745 seconds), retrying request
wandb: 429 encountered (Filestream rate limit exceeded, retrying in 2.190663528719238 seconds), retrying request
wandb: 429 encountered (Filestream rate limit exceeded, retrying in 4.2269348868717875 seconds), retrying request
wandb: 429 encountered (Filestream rate limit exceeded, retrying in 2.261248244502839 seconds), retrying request
wandb: 429 encountered (Filestream rate limit exceeded, retrying in 2.0338139252984555 seconds), retrying request
wandb: 429 encountered (Filestream rate limit exceeded, retrying in 2.398286731869194 seconds), retrying request
wandb: 429 encountered (Filestream rate limit exceeded, retrying in 2.431393354693335 seconds), retrying request
wandb: 429 encountered (Filestream rate limit exceeded, retrying in 4.324761373772467 seconds), retrying request
wandb: 429 encountered (Filestream rate limit exceeded, retrying in 2.4722354967722255 seconds), retrying request
wandb: 429 encountered (Filestream rate limit exceeded, retrying in 2.1467948680555136 seconds), retrying request
wandb: 429 encountered (Filestream rate limit exceeded, retrying in 2.313074281631439 seconds), retrying request
wandb: 429 encountered (Filestream rate limit exceeded, retrying in 4.144075850888012 seconds), retrying request
wandb: 429 encountered (Filestream rate limit exceeded, retrying in 2.2561263381686567 seconds), retrying request
wandb: 429 encountered (Filestream rate limit exceeded, retrying in 4.488434218367004 seconds), retrying request
wandb: 429 encountered (Filestream rate limit exceeded, retrying in 4.738341985760761 seconds), retrying request
wandb: 429 encountered (Filestream rate limit exceeded, retrying in 2.281746371856493 seconds), retrying request
wandb: 429 encountered (Filestream rate limit exceeded, retrying in 4.041196035163669 seconds), retrying request
wandb: 429 encountered (Filestream rate limit exceeded, retrying in 2.377649219499765 seconds), retrying request
wandb: 429 encountered (Filestream rate limit exceeded, retrying in 2.195839179385375 seconds), retrying request
wandb: 429 encountered (Filestream rate limit exceeded, retrying in 4.398098943672187 seconds), retrying request
wandb: 429 encountered (Filestream rate limit exceeded, retrying in 2.103211893640281 seconds), retrying request
wandb: 429 encountered (Filestream rate limit exceeded, retrying in 4.164052285482123 seconds), retrying request
wandb: 429 encountered (Filestream rate limit exceeded, retrying in 2.4194875592179117 seconds), retrying request
wandb: 429 encountered (Filestream rate limit exceeded, retrying in 2.3318611580089668 seconds), retrying request
wandb: 429 encountered (Filestream rate limit exceeded, retrying in 4.194842350965219 seconds), retrying request
wandb: 429 encountered (Filestream rate limit exceeded, retrying in 2.0228597123102943 seconds), retrying request
wandb: 429 encountered (Filestream rate limit exceeded, retrying in 2.1426812386071914 seconds), retrying request
wandb: 429 encountered (Filestream rate limit exceeded, retrying in 4.229137798010254 seconds), retrying request
wandb: 429 encountered (Filestream rate limit exceeded, retrying in 2.152367665355173 seconds), retrying request
wandb: 429 encountered (Filestream rate limit exceeded, retrying in 4.735483987828066 seconds), retrying request
wandb: 429 encountered (Filestream rate limit exceeded, retrying in 2.008310668585994 seconds), retrying request
wandb: 429 encountered (Filestream rate limit exceeded, retrying in 4.459404380963955 seconds), retrying request
wandb: 429 encountered (Filestream rate limit exceeded, retrying in 9.212174018190833 seconds), retrying request
wandb: 429 encountered (Filestream rate limit exceeded, retrying in 2.3541979639702384 seconds), retrying request
wandb: 429 encountered (Filestream rate limit exceeded, retrying in 4.218616015628468 seconds), retrying request
wandb: 429 encountered (Filestream rate limit exceeded, retrying in 2.4448560191741464 seconds), retrying request
wandb: 429 encountered (Filestream rate limit exceeded, retrying in 4.138714434519348 seconds), retrying request
wandb: 429 encountered (Filestream rate limit exceeded, retrying in 8.147928230323583 seconds), retrying request
wandb: 429 encountered (Filestream rate limit exceeded, retrying in 2.263240391230481 seconds), retrying request
wandb: 429 encountered (Filestream rate limit exceeded, retrying in 4.840866302083473 seconds), retrying request
pettingzoo_double_dunk_v3
default:  {'env_name': 'double_dunk_v3', 'env_type': 'pettingzoo', 'num_envs': 5, 'ram': True, 'seed': 'random', 'record_video': False, 'algorithm': 'NashDQNExploiter', 'algorithm_spec': {'episodic_update': False, 'dueling': False, 'replay_buffer_size': '1e5', 'gamma': 0.99, 'multi_step': 1, 'target_update_interval': 1000, 'eps_start': 1.0, 'eps_final': 0.001, 'eps_decay': 1000000, 'exploiter_update_itr': 3}, 'num_process': 1, 'batch_size': 128, 'max_episodes': 10000, 'max_steps_per_episode': 300, 'train_start_frame': 0, 'save_id': 0, 'optimizer': 'adam', 'learning_rate': '1e-4', 'device': 'gpu', 'update_itr': 1, 'log_avg_window': 20, 'log_interval': 20, 'render': False, 'test': False, 'exploit': False, 'load_model_idx': False, 'load_model_full_path': False, 'multiprocess': False, 'eval_models': False, 'save_path': '', 'save_interval': 2000, 'wandb_activate': False, 'wandb_entity': '', 'wandb_project': '', 'wandb_group': '', 'wandb_name': '', 'net_architecture': {'hidden_dim_list': [128, 128, 128, 128], 'hidden_activation': 'ReLU', 'output_activation': False}, 'marl_method': 'nash_dqn_exploiter', 'marl_spec': {'min_update_interval': 20, 'score_avg_window': 10, 'global_state': False}}
{'env_name': 'double_dunk_v3', 'env_type': 'pettingzoo', 'num_envs': 5, 'ram': True, 'seed': 'random', 'record_video': True, 'algorithm': 'NashDQNExploiter', 'algorithm_spec': {'episodic_update': False, 'dueling': False, 'replay_buffer_size': '1e5', 'gamma': 0.99, 'multi_step': 1, 'target_update_interval': 1000, 'eps_start': 1.0, 'eps_final': 0.001, 'eps_decay': 1000000, 'exploiter_update_itr': 3}, 'num_process': 1, 'batch_size': 128, 'max_episodes': 10000, 'max_steps_per_episode': 300, 'train_start_frame': 0, 'save_id': 202209200231, 'optimizer': 'adam', 'learning_rate': '1e-4', 'device': 'gpu', 'update_itr': 1, 'log_avg_window': 20, 'log_interval': 20, 'render': False, 'test': False, 'exploit': False, 'load_model_idx': False, 'load_model_full_path': False, 'multiprocess': False, 'eval_models': False, 'save_path': '', 'save_interval': 2000, 'wandb_activate': True, 'wandb_entity': 'quantumiracle', 'wandb_project': '', 'wandb_group': '', 'wandb_name': '', 'net_architecture': {'hidden_dim_list': [128, 128, 128, 128], 'hidden_activation': 'ReLU', 'output_activation': False}, 'marl_method': 'nash_dqn_exploiter', 'marl_spec': {'min_update_interval': 20, 'score_avg_window': 10, 'global_state': False}, 'record_video_interval': 1000}
args:  {'env_name': 'double_dunk_v3', 'env_type': 'pettingzoo', 'num_envs': 5, 'ram': True, 'seed': 'random', 'record_video': True, 'algorithm': 'NashDQNExploiter', 'algorithm_spec': {'episodic_update': False, 'dueling': False, 'replay_buffer_size': '1e5', 'gamma': 0.99, 'multi_step': 1, 'target_update_interval': 1000, 'eps_start': 1.0, 'eps_final': 0.001, 'eps_decay': 1000000, 'exploiter_update_itr': 3}, 'num_process': 1, 'batch_size': 128, 'max_episodes': 10000, 'max_steps_per_episode': 300, 'train_start_frame': 0, 'save_id': 202209200231, 'optimizer': 'adam', 'learning_rate': '1e-4', 'device': 'gpu', 'update_itr': 1, 'log_avg_window': 20, 'log_interval': 20, 'render': False, 'test': False, 'exploit': False, 'load_model_idx': False, 'load_model_full_path': False, 'multiprocess': False, 'eval_models': False, 'save_path': '', 'save_interval': 2000, 'wandb_activate': True, 'wandb_entity': 'quantumiracle', 'wandb_project': 'Pettingzoo_MARS', 'wandb_group': '202209200231', 'wandb_name': 'pettingzoo_double_dunk_v3_nash_dqn_exploiter_202209200231', 'net_architecture': {'hidden_dim_list': [128, 128, 128, 128], 'hidden_activation': 'ReLU', 'output_activation': False}, 'marl_method': 'nash_dqn_exploiter', 'marl_spec': {'min_update_interval': 20, 'score_avg_window': 10, 'global_state': False}, 'record_video_interval': 1000}
double_dunk_v3 pettingzoo
record video: interval 1000, length 300
Load double_dunk_v3 environment in type pettingzoo.
Env observation space: <bound method aec_to_parallel_wrapper.observation_space of <pettingzoo.utils.conversions.aec_to_parallel_wrapper object at 0x7fa026843080>> action space: <bound method aec_to_parallel_wrapper.action_space of <pettingzoo.utils.conversions.aec_to_parallel_wrapper object at 0x7fa026843080>>
random seed: [603, 600, 68, 871, 301]
<mars.env.wrappers.mars_wrappers.SSVecWrapper object at 0x7fa02690bc18>
discrete_policy 18 Discrete(18)
discrete_policy 18 Discrete(18)
discrete_policy 18 Discrete(18)
Agents No. [1] (index starting from 0) are not learnable.
Arguments:  {'env_name': 'double_dunk_v3', 'env_type': 'pettingzoo', 'num_envs': 5, 'ram': True, 'seed': 'random', 'record_video': True, 'algorithm': 'NashDQNExploiter', 'algorithm_spec': {'episodic_update': False, 'dueling': False, 'replay_buffer_size': '1e5', 'gamma': 0.99, 'multi_step': 1, 'target_update_interval': 1000, 'eps_start': 1.0, 'eps_final': 0.001, 'eps_decay': 1000000, 'exploiter_update_itr': 3}, 'num_process': 1, 'batch_size': 128, 'max_episodes': 10000, 'max_steps_per_episode': 300, 'train_start_frame': 0, 'save_id': 202209200231, 'optimizer': 'adam', 'learning_rate': '1e-4', 'device': 'gpu', 'update_itr': 1, 'log_avg_window': 20, 'log_interval': 20, 'render': False, 'test': False, 'exploit': False, 'load_model_idx': False, 'load_model_full_path': False, 'multiprocess': False, 'eval_models': False, 'save_path': '', 'save_interval': 2000, 'wandb_activate': True, 'wandb_entity': 'quantumiracle', 'wandb_project': 'Pettingzoo_MARS', 'wandb_group': '202209200231', 'wandb_name': 'pettingzoo_double_dunk_v3_nash_dqn_exploiter_202209200231', 'net_architecture': {'hidden_dim_list': [128, 128, 128, 128], 'hidden_activation': 'ReLU', 'output_activation': False}, 'marl_method': 'nash_dqn_exploiter', 'marl_spec': {'min_update_interval': 20, 'score_avg_window': 10, 'global_state': False}, 'record_video_interval': 1000}
Save models to : /home/zihan/research/MARS/data/model/202209200231/pettingzoo_double_dunk_v3_nash_dqn_exploiter. 
 Save logs to: /home/zihan/research/MARS/data/log/202209200231/pettingzoo_double_dunk_v3_nash_dqn_exploiter.
Episode: 1/10000 (0.0100%),                 avg. length: 299.0,                last time consumption/overall running time: 38.38s / 38.38 s
first_0:                 episode reward: -4.0000,                 loss: 0.0084
second_0:                 episode reward: 4.0000,                 loss: nan
Episode: 21/10000 (0.2100%),                 avg. length: 299.0,                last time consumption/overall running time: 1035.06s / 1073.44 s
first_0:                 episode reward: -2.2000,                 loss: 0.0119
second_0:                 episode reward: 2.2000,                 loss: nan
Episode: 41/10000 (0.4100%),                 avg. length: 299.0,                last time consumption/overall running time: 1259.11s / 2332.54 s
first_0:                 episode reward: -0.9500,                 loss: 0.0123
second_0:                 episode reward: 0.9500,                 loss: nan
Episode: 61/10000 (0.6100%),                 avg. length: 299.0,                last time consumption/overall running time: 1274.37s / 3606.91 s
first_0:                 episode reward: -2.0500,                 loss: 0.0131
second_0:                 episode reward: 2.0500,                 loss: nan
Episode: 81/10000 (0.8100%),                 avg. length: 299.0,                last time consumption/overall running time: 1261.65s / 4868.56 s
first_0:                 episode reward: -0.2000,                 loss: 0.0137
second_0:                 episode reward: 0.2000,                 loss: nan
Episode: 101/10000 (1.0100%),                 avg. length: 299.0,                last time consumption/overall running time: 1256.22s / 6124.78 s
first_0:                 episode reward: -2.0000,                 loss: 0.0154
second_0:                 episode reward: 2.0000,                 loss: nan
Episode: 121/10000 (1.2100%),                 avg. length: 299.0,                last time consumption/overall running time: 1259.11s / 7383.88 s
first_0:                 episode reward: -1.6000,                 loss: 0.0145
second_0:                 episode reward: 1.6000,                 loss: nan
Episode: 141/10000 (1.4100%),                 avg. length: 299.0,                last time consumption/overall running time: 1260.45s / 8644.34 swandb: 429 encountered (Filestream rate limit exceeded, retrying in 2.3024287756215926 seconds), retrying request
wandb: 429 encountered (Filestream rate limit exceeded, retrying in 2.008998283209762 seconds), retrying request
wandb: 429 encountered (Filestream rate limit exceeded, retrying in 4.002077526247497 seconds), retrying request
wandb: 429 encountered (Filestream rate limit exceeded, retrying in 8.175423952859655 seconds), retrying request
wandb: 429 encountered (Filestream rate limit exceeded, retrying in 17.50028524160345 seconds), retrying request
wandb: 429 encountered (Filestream rate limit exceeded, retrying in 37.31884109450579 seconds), retrying request
wandb: 429 encountered (Filestream rate limit exceeded, retrying in 2.382431694673804 seconds), retrying request
wandb: 429 encountered (Filestream rate limit exceeded, retrying in 4.712732660751127 seconds), retrying request
wandb: 429 encountered (Filestream rate limit exceeded, retrying in 2.0364086050722294 seconds), retrying request
wandb: 429 encountered (Filestream rate limit exceeded, retrying in 4.052899610611361 seconds), retrying request
wandb: 429 encountered (Filestream rate limit exceeded, retrying in 2.0648373579443238 seconds), retrying request
wandb: 429 encountered (Filestream rate limit exceeded, retrying in 4.268509786245085 seconds), retrying request
wandb: 429 encountered (Filestream rate limit exceeded, retrying in 2.3360978524504765 seconds), retrying request
wandb: 429 encountered (Filestream rate limit exceeded, retrying in 4.893983242118915 seconds), retrying request
wandb: 429 encountered (Filestream rate limit exceeded, retrying in 2.08047141504004 seconds), retrying request
wandb: 429 encountered (Filestream rate limit exceeded, retrying in 4.469131048364077 seconds), retrying request
wandb: 429 encountered (Filestream rate limit exceeded, retrying in 8.140407022910928 seconds), retrying request
wandb: 429 encountered (Filestream rate limit exceeded, retrying in 2.119463971440637 seconds), retrying request
wandb: 429 encountered (Filestream rate limit exceeded, retrying in 4.704312772475356 seconds), retrying request
wandb: 429 encountered (Filestream rate limit exceeded, retrying in 2.0884984570348477 seconds), retrying request
wandb: 429 encountered (Filestream rate limit exceeded, retrying in 2.4475795325915874 seconds), retrying request
wandb: 429 encountered (Filestream rate limit exceeded, retrying in 4.705280530942418 seconds), retrying request
wandb: 429 encountered (Filestream rate limit exceeded, retrying in 9.368816602706206 seconds), retrying request
wandb: 429 encountered (Filestream rate limit exceeded, retrying in 19.98261626607637 seconds), retrying request
wandb: 429 encountered (Filestream rate limit exceeded, retrying in 2.0602152752661484 seconds), retrying request
wandb: 429 encountered (Filestream rate limit exceeded, retrying in 4.493663008709698 seconds), retrying request
wandb: 429 encountered (Filestream rate limit exceeded, retrying in 8.903688949806352 seconds), retrying request
wandb: 429 encountered (Filestream rate limit exceeded, retrying in 17.274120078504893 seconds), retrying request
wandb: 429 encountered (Filestream rate limit exceeded, retrying in 2.4524152262608876 seconds), retrying request
wandb: 429 encountered (Filestream rate limit exceeded, retrying in 2.1756958940037814 seconds), retrying request
wandb: 429 encountered (Filestream rate limit exceeded, retrying in 4.059914137950104 seconds), retrying request
wandb: 429 encountered (Filestream rate limit exceeded, retrying in 2.1509378112805275 seconds), retrying request
wandb: 429 encountered (Filestream rate limit exceeded, retrying in 2.1410156742902995 seconds), retrying request
wandb: 429 encountered (Filestream rate limit exceeded, retrying in 4.227547974547783 seconds), retrying request
wandb: 429 encountered (Filestream rate limit exceeded, retrying in 2.3302451702928653 seconds), retrying request
wandb: 429 encountered (Filestream rate limit exceeded, retrying in 2.1430013402673236 seconds), retrying request
wandb: 429 encountered (Filestream rate limit exceeded, retrying in 2.3391689706488097 seconds), retrying request
wandb: 429 encountered (Filestream rate limit exceeded, retrying in 4.309226711568107 seconds), retrying request
wandb: 429 encountered (Filestream rate limit exceeded, retrying in 2.35861309306528 seconds), retrying request
wandb: 429 encountered (Filestream rate limit exceeded, retrying in 2.1323709730216764 seconds), retrying request
wandb: 429 encountered (Filestream rate limit exceeded, retrying in 4.679924281539568 seconds), retrying request
wandb: 429 encountered (Filestream rate limit exceeded, retrying in 2.44560613959561 seconds), retrying request
wandb: 429 encountered (Filestream rate limit exceeded, retrying in 4.332977635210123 seconds), retrying request
wandb: 429 encountered (Filestream rate limit exceeded, retrying in 2.0848209864931033 seconds), retrying request
wandb: 429 encountered (Filestream rate limit exceeded, retrying in 2.2049540770630185 seconds), retrying request
wandb: 429 encountered (Filestream rate limit exceeded, retrying in 2.2257159280732766 seconds), retrying request
wandb: 429 encountered (Filestream rate limit exceeded, retrying in 2.4588415558873047 seconds), retrying request
wandb: 429 encountered (Filestream rate limit exceeded, retrying in 4.446959100672096 seconds), retrying request
wandb: 429 encountered (Filestream rate limit exceeded, retrying in 2.4525306094119563 seconds), retrying request
wandb: 429 encountered (Filestream rate limit exceeded, retrying in 4.881338791126538 seconds), retrying request
wandb: 429 encountered (Filestream rate limit exceeded, retrying in 2.1543793165464904 seconds), retrying request
wandb: 429 encountered (Filestream rate limit exceeded, retrying in 2.432125012032077 seconds), retrying request
wandb: 429 encountered (Filestream rate limit exceeded, retrying in 4.937957741525746 seconds), retrying request
wandb: 429 encountered (Filestream rate limit exceeded, retrying in 2.117413146077136 seconds), retrying request
wandb: 429 encountered (Filestream rate limit exceeded, retrying in 4.109890217785045 seconds), retrying request
wandb: 429 encountered (Filestream rate limit exceeded, retrying in 2.3191479584393284 seconds), retrying request
wandb: 429 encountered (Filestream rate limit exceeded, retrying in 2.1302081236251817 seconds), retrying request
wandb: 429 encountered (Filestream rate limit exceeded, retrying in 2.4972792871946146 seconds), retrying request
wandb: 429 encountered (Filestream rate limit exceeded, retrying in 9.147884552577775 seconds), retrying request
wandb: 429 encountered (Filestream rate limit exceeded, retrying in 2.0509349835482276 seconds), retrying request
wandb: 429 encountered (Filestream rate limit exceeded, retrying in 2.0310020747967674 seconds), retrying request
wandb: 429 encountered (Filestream rate limit exceeded, retrying in 4.257631810013214 seconds), retrying request
wandb: 429 encountered (Filestream rate limit exceeded, retrying in 2.491269200941877 seconds), retrying request
wandb: 429 encountered (Filestream rate limit exceeded, retrying in 2.106862560285123 seconds), retrying request
wandb: 429 encountered (Filestream rate limit exceeded, retrying in 2.139005295564768 seconds), retrying request
wandb: 429 encountered (Filestream rate limit exceeded, retrying in 4.345856323419359 seconds), retrying request
wandb: 429 encountered (Filestream rate limit exceeded, retrying in 2.2593048978084083 seconds), retrying request
wandb: 429 encountered (Filestream rate limit exceeded, retrying in 4.635658586201328 seconds), retrying request
wandb: 429 encountered (Filestream rate limit exceeded, retrying in 2.136519469200251 seconds), retrying request
wandb: 429 encountered (Filestream rate limit exceeded, retrying in 4.477470852151042 seconds), retrying request
wandb: 429 encountered (Filestream rate limit exceeded, retrying in 9.646136434722038 seconds), retrying request
wandb: 429 encountered (Filestream rate limit exceeded, retrying in 16.93090114853305 seconds), retrying request
wandb: 429 encountered (Filestream rate limit exceeded, retrying in 35.40946448180095 seconds), retrying request
wandb: 429 encountered (Filestream rate limit exceeded, retrying in 2.1913383037557144 seconds), retrying request
wandb: 429 encountered (Filestream rate limit exceeded, retrying in 2.457357014236259 seconds), retrying request
wandb: 429 encountered (Filestream rate limit exceeded, retrying in 4.019964003386796 seconds), retrying request
wandb: 429 encountered (Filestream rate limit exceeded, retrying in 2.2469800183847535 seconds), retrying request
wandb: 429 encountered (Filestream rate limit exceeded, retrying in 4.009164249268395 seconds), retrying request
wandb: 429 encountered (Filestream rate limit exceeded, retrying in 8.823776116481277 seconds), retrying request
wandb: 429 encountered (Filestream rate limit exceeded, retrying in 17.97768795752555 seconds), retrying request
wandb: 429 encountered (Filestream rate limit exceeded, retrying in 2.169203388686786 seconds), retrying request
wandb: 429 encountered (Filestream rate limit exceeded, retrying in 2.4217706113200714 seconds), retrying request
wandb: 429 encountered (Filestream rate limit exceeded, retrying in 4.819442492497381 seconds), retrying request
wandb: 429 encountered (Filestream rate limit exceeded, retrying in 8.392835480471575 seconds), retrying request
wandb: 429 encountered (Filestream rate limit exceeded, retrying in 2.440736226372191 seconds), retrying request
wandb: 429 encountered (Filestream rate limit exceeded, retrying in 4.667753157853944 seconds), retrying request
wandb: 429 encountered (Filestream rate limit exceeded, retrying in 2.076583899485482 seconds), retrying request
wandb: 429 encountered (Filestream rate limit exceeded, retrying in 4.349069540535257 seconds), retrying request
wandb: 429 encountered (Filestream rate limit exceeded, retrying in 2.4000777709664582 seconds), retrying request
wandb: 429 encountered (Filestream rate limit exceeded, retrying in 2.2279090182062995 seconds), retrying request
wandb: 429 encountered (Filestream rate limit exceeded, retrying in 4.926788520890651 seconds), retrying request
wandb: 429 encountered (Filestream rate limit exceeded, retrying in 2.224481979834576 seconds), retrying request
wandb: 429 encountered (Filestream rate limit exceeded, retrying in 4.8767827156512045 seconds), retrying request
wandb: 429 encountered (Filestream rate limit exceeded, retrying in 2.1401730372265724 seconds), retrying request
wandb: 429 encountered (Filestream rate limit exceeded, retrying in 2.043110646262489 seconds), retrying request
wandb: 429 encountered (Filestream rate limit exceeded, retrying in 2.330103128433593 seconds), retrying request
wandb: 429 encountered (Filestream rate limit exceeded, retrying in 4.833415042328209 seconds), retrying request
wandb: 429 encountered (Filestream rate limit exceeded, retrying in 2.3222817104650266 seconds), retrying request
wandb: 429 encountered (Filestream rate limit exceeded, retrying in 4.454021483619796 seconds), retrying request
wandb: 429 encountered (Filestream rate limit exceeded, retrying in 2.448635689550658 seconds), retrying request
wandb: 429 encountered (Filestream rate limit exceeded, retrying in 4.854174002125406 seconds), retrying request
wandb: 429 encountered (Filestream rate limit exceeded, retrying in 9.512389918242851 seconds), retrying request
wandb: 429 encountered (Filestream rate limit exceeded, retrying in 19.707757996939172 seconds), retrying request
wandb: 429 encountered (Filestream rate limit exceeded, retrying in 34.5285299380375 seconds), retrying request
wandb: 429 encountered (Filestream rate limit exceeded, retrying in 2.3219835460455567 seconds), retrying request
wandb: 429 encountered (Filestream rate limit exceeded, retrying in 2.449711749978211 seconds), retrying request
wandb: 429 encountered (Filestream rate limit exceeded, retrying in 4.3687460749500335 seconds), retrying request
wandb: 429 encountered (Filestream rate limit exceeded, retrying in 2.079990998014268 seconds), retrying request
wandb: 429 encountered (Filestream rate limit exceeded, retrying in 2.433019558831051 seconds), retrying request
wandb: 429 encountered (Filestream rate limit exceeded, retrying in 4.7426140087283395 seconds), retrying request
wandb: 429 encountered (Filestream rate limit exceeded, retrying in 2.255072806450014 seconds), retrying request
wandb: 429 encountered (Filestream rate limit exceeded, retrying in 2.38092548412024 seconds), retrying request
wandb: 429 encountered (Filestream rate limit exceeded, retrying in 2.08577894969747 seconds), retrying request
wandb: 429 encountered (Filestream rate limit exceeded, retrying in 4.518705165754106 seconds), retrying request
wandb: 429 encountered (Filestream rate limit exceeded, retrying in 2.312728845430364 seconds), retrying request
wandb: 429 encountered (Filestream rate limit exceeded, retrying in 2.399704448579761 seconds), retrying request
wandb: 429 encountered (Filestream rate limit exceeded, retrying in 4.311000793150836 seconds), retrying request
wandb: 429 encountered (Filestream rate limit exceeded, retrying in 2.244129317642287 seconds), retrying request
wandb: 429 encountered (Filestream rate limit exceeded, retrying in 2.143639258346204 seconds), retrying request
wandb: 429 encountered (Filestream rate limit exceeded, retrying in 2.2618916548810555 seconds), retrying request
wandb: 429 encountered (Filestream rate limit exceeded, retrying in 2.4639333364259404 seconds), retrying request
wandb: 429 encountered (Filestream rate limit exceeded, retrying in 2.138128184306599 seconds), retrying request
wandb: 429 encountered (Filestream rate limit exceeded, retrying in 4.323014411177283 seconds), retrying request
wandb: 429 encountered (Filestream rate limit exceeded, retrying in 8.152938915395763 seconds), retrying request
wandb: 429 encountered (Filestream rate limit exceeded, retrying in 2.04641209890736 seconds), retrying request
wandb: 429 encountered (Filestream rate limit exceeded, retrying in 2.003505974161072 seconds), retrying request
wandb: 429 encountered (Filestream rate limit exceeded, retrying in 4.050037913022721 seconds), retrying request
wandb: 429 encountered (Filestream rate limit exceeded, retrying in 2.3020900544321465 seconds), retrying request
wandb: 429 encountered (Filestream rate limit exceeded, retrying in 2.418153844821164 seconds), retrying request
wandb: 429 encountered (Filestream rate limit exceeded, retrying in 4.8501297479545045 seconds), retrying request
wandb: 429 encountered (Filestream rate limit exceeded, retrying in 2.0602170859343065 seconds), retrying request
wandb: 429 encountered (Filestream rate limit exceeded, retrying in 2.060191014209736 seconds), retrying request
wandb: 429 encountered (Filestream rate limit exceeded, retrying in 2.428167779634512 seconds), retrying request
wandb: 429 encountered (Filestream rate limit exceeded, retrying in 2.038916296319464 seconds), retrying request
wandb: 429 encountered (Filestream rate limit exceeded, retrying in 4.204673593838383 seconds), retrying request
wandb: 429 encountered (Filestream rate limit exceeded, retrying in 2.4206178372895386 seconds), retrying request
wandb: 429 encountered (Filestream rate limit exceeded, retrying in 4.7786601299651705 seconds), retrying request
wandb: 429 encountered (Filestream rate limit exceeded, retrying in 2.0612092752917994 seconds), retrying request
wandb: 429 encountered (Filestream rate limit exceeded, retrying in 4.9768517855075025 seconds), retrying request
wandb: 429 encountered (Filestream rate limit exceeded, retrying in 2.101961374343766 seconds), retrying request
wandb: 429 encountered (Filestream rate limit exceeded, retrying in 4.839710820868652 seconds), retrying request
wandb: 429 encountered (Filestream rate limit exceeded, retrying in 2.055932555309969 seconds), retrying request
wandb: 429 encountered (Filestream rate limit exceeded, retrying in 4.016558975622769 seconds), retrying request
wandb: 429 encountered (Filestream rate limit exceeded, retrying in 2.407957762392778 seconds), retrying request
wandb: 429 encountered (Filestream rate limit exceeded, retrying in 4.2680844388475965 seconds), retrying request
wandb: 429 encountered (Filestream rate limit exceeded, retrying in 2.381427478496325 seconds), retrying request
wandb: 429 encountered (Filestream rate limit exceeded, retrying in 2.1962241313630972 seconds), retrying request
wandb: 429 encountered (Filestream rate limit exceeded, retrying in 4.08468199916608 seconds), retrying request
wandb: 429 encountered (Filestream rate limit exceeded, retrying in 2.3849727039821005 seconds), retrying request
wandb: 429 encountered (Filestream rate limit exceeded, retrying in 4.28040285712703 seconds), retrying request
wandb: 429 encountered (Filestream rate limit exceeded, retrying in 2.219313267805611 seconds), retrying request
wandb: 429 encountered (Filestream rate limit exceeded, retrying in 2.4615707195811893 seconds), retrying request
wandb: 429 encountered (Filestream rate limit exceeded, retrying in 2.3286855084104 seconds), retrying request
wandb: 429 encountered (Filestream rate limit exceeded, retrying in 2.207818136981017 seconds), retrying request
wandb: 429 encountered (Filestream rate limit exceeded, retrying in 4.787716865545406 seconds), retrying request
wandb: 429 encountered (Filestream rate limit exceeded, retrying in 2.1827058441380807 seconds), retrying request
wandb: 429 encountered (Filestream rate limit exceeded, retrying in 4.443636448487421 seconds), retrying request
wandb: 429 encountered (Filestream rate limit exceeded, retrying in 8.494619305424564 seconds), retrying request
wandb: 429 encountered (Filestream rate limit exceeded, retrying in 4.413878892515629 seconds), retrying request
wandb: 429 encountered (Filestream rate limit exceeded, retrying in 2.0190408061374416 seconds), retrying request
wandb: 429 encountered (Filestream rate limit exceeded, retrying in 4.054857518433365 seconds), retrying request
wandb: 429 encountered (Filestream rate limit exceeded, retrying in 2.202518785995008 seconds), retrying request
wandb: 429 encountered (Filestream rate limit exceeded, retrying in 4.471274744114091 seconds), retrying request
wandb: 429 encountered (Filestream rate limit exceeded, retrying in 2.020606932380197 seconds), retrying request
wandb: 429 encountered (Filestream rate limit exceeded, retrying in 4.564747402049397 seconds), retrying request
wandb: 429 encountered (Filestream rate limit exceeded, retrying in 2.45881679229435 seconds), retrying request
wandb: 429 encountered (Filestream rate limit exceeded, retrying in 2.2348467096988296 seconds), retrying request
wandb: 429 encountered (Filestream rate limit exceeded, retrying in 4.540992814034414 seconds), retrying request
wandb: 429 encountered (Filestream rate limit exceeded, retrying in 9.0530012837947 seconds), retrying request
wandb: 429 encountered (Filestream rate limit exceeded, retrying in 2.2685254172710074 seconds), retrying request
wandb: 429 encountered (Filestream rate limit exceeded, retrying in 2.198977255362474 seconds), retrying request
wandb: 429 encountered (Filestream rate limit exceeded, retrying in 4.653276181717932 seconds), retrying request
wandb: 429 encountered (Filestream rate limit exceeded, retrying in 8.288099690427082 seconds), retrying request
wandb: 429 encountered (Filestream rate limit exceeded, retrying in 2.4274438062053307 seconds), retrying request
wandb: 429 encountered (Filestream rate limit exceeded, retrying in 4.32841025494977 seconds), retrying request
wandb: 429 encountered (Filestream rate limit exceeded, retrying in 2.3779795014542175 seconds), retrying request
wandb: 429 encountered (Filestream rate limit exceeded, retrying in 2.0552474995780865 seconds), retrying request
wandb: 429 encountered (Filestream rate limit exceeded, retrying in 2.0691201347075134 seconds), retrying request
wandb: 429 encountered (Filestream rate limit exceeded, retrying in 4.857828535675688 seconds), retrying request
wandb: 429 encountered (Filestream rate limit exceeded, retrying in 2.4359579315262367 seconds), retrying request
wandb: 429 encountered (Filestream rate limit exceeded, retrying in 4.030600458842797 seconds), retrying request
wandb: 429 encountered (Filestream rate limit exceeded, retrying in 8.400404114258354 seconds), retrying request
wandb: 429 encountered (Filestream rate limit exceeded, retrying in 39.92125753910014 seconds), retrying request
wandb: 429 encountered (Filestream rate limit exceeded, retrying in 78.35961128501938 seconds), retrying request
wandb: 429 encountered (Filestream rate limit exceeded, retrying in 2.4295155637890073 seconds), retrying request
wandb: 429 encountered (Filestream rate limit exceeded, retrying in 4.7188443977828305 seconds), retrying request
wandb: 429 encountered (Filestream rate limit exceeded, retrying in 8.49195386709501 seconds), retrying request
wandb: 429 encountered (Filestream rate limit exceeded, retrying in 4.445070646873548 seconds), retrying request
wandb: 429 encountered (Filestream rate limit exceeded, retrying in 2.2605211010181967 seconds), retrying request
wandb: 429 encountered (Filestream rate limit exceeded, retrying in 2.105726409405275 seconds), retrying request
wandb: 429 encountered (Filestream rate limit exceeded, retrying in 4.156916680395763 seconds), retrying request
wandb: 429 encountered (Filestream rate limit exceeded, retrying in 2.2917059370964514 seconds), retrying request
wandb: 429 encountered (Filestream rate limit exceeded, retrying in 4.96974054197964 seconds), retrying request
wandb: 429 encountered (Filestream rate limit exceeded, retrying in 2.4359884271659333 seconds), retrying request
wandb: 429 encountered (Filestream rate limit exceeded, retrying in 4.54887727813755 seconds), retrying request
wandb: 429 encountered (Filestream rate limit exceeded, retrying in 2.142305356490643 seconds), retrying request
wandb: 429 encountered (Filestream rate limit exceeded, retrying in 4.906357098187963 seconds), retrying request
wandb: 429 encountered (Filestream rate limit exceeded, retrying in 2.487596476798004 seconds), retrying request
wandb: 429 encountered (Filestream rate limit exceeded, retrying in 2.4027424914695703 seconds), retrying request
wandb: 429 encountered (Filestream rate limit exceeded, retrying in 2.3019977956783175 seconds), retrying request
wandb: 429 encountered (Filestream rate limit exceeded, retrying in 4.236053093836897 seconds), retrying request
wandb: 429 encountered (Filestream rate limit exceeded, retrying in 2.3579987561622264 seconds), retrying request
wandb: 429 encountered (Filestream rate limit exceeded, retrying in 4.569063553638909 seconds), retrying request
wandb: 429 encountered (Filestream rate limit exceeded, retrying in 2.376097484416191 seconds), retrying request
wandb: 429 encountered (Filestream rate limit exceeded, retrying in 4.031290102026557 seconds), retrying request
wandb: 429 encountered (Filestream rate limit exceeded, retrying in 2.491099973479961 seconds), retrying request
wandb: 429 encountered (Filestream rate limit exceeded, retrying in 4.136722510677055 seconds), retrying request
wandb: 429 encountered (Filestream rate limit exceeded, retrying in 2.088131746990593 seconds), retrying request
wandb: 429 encountered (Filestream rate limit exceeded, retrying in 2.4003450960407973 seconds), retrying request
wandb: 429 encountered (Filestream rate limit exceeded, retrying in 4.952469270578809 seconds), retrying request
wandb: 429 encountered (Filestream rate limit exceeded, retrying in 2.277448171081528 seconds), retrying request
wandb: 429 encountered (Filestream rate limit exceeded, retrying in 2.1894579760895416 seconds), retrying request
wandb: 429 encountered (Filestream rate limit exceeded, retrying in 4.935930450957641 seconds), retrying request
wandb: 429 encountered (Filestream rate limit exceeded, retrying in 2.4845360213806695 seconds), retrying request
wandb: 429 encountered (Filestream rate limit exceeded, retrying in 2.403733471184136 seconds), retrying request
wandb: 429 encountered (Filestream rate limit exceeded, retrying in 2.4160242464157995 seconds), retrying request
wandb: 429 encountered (Filestream rate limit exceeded, retrying in 4.24864174612651 seconds), retrying request
wandb: 429 encountered (Filestream rate limit exceeded, retrying in 2.3962863055070294 seconds), retrying request
wandb: 429 encountered (Filestream rate limit exceeded, retrying in 2.3993941386119655 seconds), retrying request
wandb: 429 encountered (Filestream rate limit exceeded, retrying in 2.2284092267012707 seconds), retrying request
wandb: 429 encountered (Filestream rate limit exceeded, retrying in 2.350472471927751 seconds), retrying request
wandb: 429 encountered (Filestream rate limit exceeded, retrying in 2.1983358283210577 seconds), retrying request
wandb: 429 encountered (Filestream rate limit exceeded, retrying in 4.363883388000594 seconds), retrying request
wandb: 429 encountered (Filestream rate limit exceeded, retrying in 2.13729829269828 seconds), retrying request
wandb: 429 encountered (Filestream rate limit exceeded, retrying in 2.4471665171666586 seconds), retrying request
wandb: 429 encountered (Filestream rate limit exceeded, retrying in 4.151290859865634 seconds), retrying request
wandb: 429 encountered (Filestream rate limit exceeded, retrying in 18.484744695697316 seconds), retrying request
wandb: 429 encountered (Filestream rate limit exceeded, retrying in 38.66195632802462 seconds), retrying request
wandb: 429 encountered (Filestream rate limit exceeded, retrying in 2.4253004646031533 seconds), retrying request
wandb: 429 encountered (Filestream rate limit exceeded, retrying in 4.954895330301256 seconds), retrying request
wandb: 429 encountered (Filestream rate limit exceeded, retrying in 8.813973539116457 seconds), retrying request
wandb: 429 encountered (Filestream rate limit exceeded, retrying in 18.876864714686825 seconds), retrying request
wandb: 429 encountered (Filestream rate limit exceeded, retrying in 37.242336710296286 seconds), retrying request
wandb: 429 encountered (Filestream rate limit exceeded, retrying in 2.268623895187161 seconds), retrying request
wandb: 429 encountered (Filestream rate limit exceeded, retrying in 4.781736058704215 seconds), retrying request
wandb: 429 encountered (Filestream rate limit exceeded, retrying in 2.223188648126844 seconds), retrying request
wandb: 429 encountered (Filestream rate limit exceeded, retrying in 2.0464683361594367 seconds), retrying request
wandb: 429 encountered (Filestream rate limit exceeded, retrying in 2.2293988213871323 seconds), retrying request
wandb: 429 encountered (Filestream rate limit exceeded, retrying in 2.295514756830483 seconds), retrying request
wandb: 429 encountered (Filestream rate limit exceeded, retrying in 4.672887728988445 seconds), retrying request
wandb: 429 encountered (Filestream rate limit exceeded, retrying in 2.337950953424712 seconds), retrying request
wandb: 429 encountered (Filestream rate limit exceeded, retrying in 2.4087888899055403 seconds), retrying request
wandb: 429 encountered (Filestream rate limit exceeded, retrying in 2.0012891989854285 seconds), retrying request
wandb: 429 encountered (Filestream rate limit exceeded, retrying in 2.232157461107552 seconds), retrying request
wandb: 429 encountered (Filestream rate limit exceeded, retrying in 4.3953873202288 seconds), retrying request
wandb: 429 encountered (Filestream rate limit exceeded, retrying in 8.485915469755128 seconds), retrying request
wandb: 429 encountered (Filestream rate limit exceeded, retrying in 2.2800489415309135 seconds), retrying request
wandb: 429 encountered (Filestream rate limit exceeded, retrying in 2.243955948276769 seconds), retrying request
wandb: 429 encountered (Filestream rate limit exceeded, retrying in 2.4675176969933013 seconds), retrying request
wandb: 429 encountered (Filestream rate limit exceeded, retrying in 4.9768183595926185 seconds), retrying request
wandb: 429 encountered (Filestream rate limit exceeded, retrying in 2.357322783823103 seconds), retrying request
wandb: 429 encountered (Filestream rate limit exceeded, retrying in 2.4489177307498413 seconds), retrying request
wandb: 429 encountered (Filestream rate limit exceeded, retrying in 2.241860202576838 seconds), retrying request
wandb: 429 encountered (Filestream rate limit exceeded, retrying in 2.300653980208914 seconds), retrying request
wandb: 429 encountered (Filestream rate limit exceeded, retrying in 4.851581523708429 seconds), retrying request
wandb: 429 encountered (Filestream rate limit exceeded, retrying in 2.2332211387781644 seconds), retrying request
wandb: 429 encountered (Filestream rate limit exceeded, retrying in 4.02872004243964 seconds), retrying request
wandb: 429 encountered (Filestream rate limit exceeded, retrying in 2.4383974105321564 seconds), retrying request
wandb: 429 encountered (Filestream rate limit exceeded, retrying in 4.335980009982651 seconds), retrying request
wandb: 429 encountered (Filestream rate limit exceeded, retrying in 9.224334572192955 seconds), retrying request
wandb: 429 encountered (Filestream rate limit exceeded, retrying in 2.249704201138498 seconds), retrying request
wandb: 429 encountered (Filestream rate limit exceeded, retrying in 4.080599206195977 seconds), retrying request
wandb: 429 encountered (Filestream rate limit exceeded, retrying in 8.035998670992283 seconds), retrying request
wandb: 429 encountered (Filestream rate limit exceeded, retrying in 2.442653785928899 seconds), retrying request
wandb: 429 encountered (Filestream rate limit exceeded, retrying in 4.4253528175162264 seconds), retrying request
wandb: 429 encountered (Filestream rate limit exceeded, retrying in 2.483401175454384 seconds), retrying request
wandb: 429 encountered (Filestream rate limit exceeded, retrying in 4.938552202110285 seconds), retrying request
wandb: 429 encountered (Filestream rate limit exceeded, retrying in 2.19776703516596 seconds), retrying request
wandb: 429 encountered (Filestream rate limit exceeded, retrying in 4.146405516258461 seconds), retrying request
wandb: 429 encountered (Filestream rate limit exceeded, retrying in 8.38962993030769 seconds), retrying request
wandb: 429 encountered (Filestream rate limit exceeded, retrying in 18.93342647457316 seconds), retrying request
wandb: 429 encountered (Filestream rate limit exceeded, retrying in 33.766279233256704 seconds), retrying request
wandb: 429 encountered (Filestream rate limit exceeded, retrying in 2.127922595246712 seconds), retrying request
wandb: 429 encountered (Filestream rate limit exceeded, retrying in 4.35415579716717 seconds), retrying request
wandb: 429 encountered (Filestream rate limit exceeded, retrying in 2.200610218569926 seconds), retrying request
wandb: 429 encountered (Filestream rate limit exceeded, retrying in 2.475817728191381 seconds), retrying request
wandb: 429 encountered (Filestream rate limit exceeded, retrying in 4.639389979668405 seconds), retrying request
wandb: 429 encountered (Filestream rate limit exceeded, retrying in 2.08366181807943 seconds), retrying request
wandb: 429 encountered (Filestream rate limit exceeded, retrying in 4.090661381396256 seconds), retrying request
wandb: 429 encountered (Filestream rate limit exceeded, retrying in 2.3808616201317214 seconds), retrying request
wandb: 429 encountered (Filestream rate limit exceeded, retrying in 4.430057684365204 seconds), retrying request
/home/zihan/anaconda3/envs/x/lib/python3.7/site-packages/tensorflow/python/framework/dtypes.py:516: FutureWarning: Passing (type, 1) or '1type' as a synonym of type is deprecated; in a future version of numpy, it will be understood as (type, (1,)) / '(1,)type'.
  _np_qint8 = np.dtype([("qint8", np.int8, 1)])
/home/zihan/anaconda3/envs/x/lib/python3.7/site-packages/tensorflow/python/framework/dtypes.py:517: FutureWarning: Passing (type, 1) or '1type' as a synonym of type is deprecated; in a future version of numpy, it will be understood as (type, (1,)) / '(1,)type'.
  _np_quint8 = np.dtype([("quint8", np.uint8, 1)])
/home/zihan/anaconda3/envs/x/lib/python3.7/site-packages/tensorflow/python/framework/dtypes.py:518: FutureWarn
first_0:                 episode reward: -1.8500,                 loss: 0.0152
second_0:                 episode reward: 1.8500,                 loss: nan
Episode: 161/10000 (1.6100%),                 avg. length: 299.0,                last time consumption/overall running time: 1258.96s / 9903.29 s
first_0:                 episode reward: -1.8000,                 loss: 0.0158
second_0:                 episode reward: 1.8000,                 loss: nan
Episode: 181/10000 (1.8100%),                 avg. length: 299.0,                last time consumption/overall running time: 1256.11s / 11159.40 s
first_0:                 episode reward: -1.8000,                 loss: 0.0175
second_0:                 episode reward: 1.8000,                 loss: nan
Episode: 201/10000 (2.0100%),                 avg. length: 299.0,                last time consumption/overall running time: 1256.89s / 12416.29 s
first_0:                 episode reward: -1.8500,                 loss: 0.0180
second_0:                 episode reward: 1.8500,                 loss: nan
Episode: 221/10000 (2.2100%),                 avg. length: 299.0,                last time consumption/overall running time: 1251.62s / 13667.91 s
first_0:                 episode reward: -2.1000,                 loss: 0.0182
second_0:                 episode reward: 2.1000,                 loss: nan
Episode: 241/10000 (2.4100%),                 avg. length: 299.0,                last time consumption/overall running time: 1249.75s / 14917.66 s
first_0:                 episode reward: -1.1500,                 loss: 0.0184
second_0:                 episode reward: 1.1500,                 loss: nan
Episode: 261/10000 (2.6100%),                 avg. length: 299.0,                last time consumption/overall running time: 1249.19s / 16166.85 s
first_0:                 episode reward: -1.3500,                 loss: 0.0192
second_0:                 episode reward: 1.3500,                 loss: nan
Episode: 281/10000 (2.8100%),                 avg. length: 299.0,                last time consumption/overall running time: 1244.40s / 17411.25 s
first_0:                 episode reward: -1.8000,                 loss: 0.0195
second_0:                 episode reward: 1.8000,                 loss: nan
Episode: 301/10000 (3.0100%),                 avg. length: 299.0,                last time consumption/overall running time: 1257.75s / 18668.99 s
first_0:                 episode reward: -1.9500,                 loss: 0.0212
second_0:                 episode reward: 1.9500,                 loss: nan
Episode: 321/10000 (3.2100%),                 avg. length: 299.0,                last time consumption/overall running time: 1254.17s / 19923.16 s
first_0:                 episode reward: -2.3500,                 loss: 0.0213
second_0:                 episode reward: 2.3500,                 loss: nan
Episode: 341/10000 (3.4100%),                 avg. length: 299.0,                last time consumption/overall running time: 1258.67s / 21181.83 s
first_0:                 episode reward: -1.5000,                 loss: 0.0208
second_0:                 episode reward: 1.5000,                 loss: nan
Episode: 361/10000 (3.6100%),                 avg. length: 299.0,                last time consumption/overall running time: 1250.99s / 22432.82 s
first_0:                 episode reward: -1.2000,                 loss: 0.0190
second_0:                 episode reward: 1.2000,                 loss: nan
Episode: 381/10000 (3.8100%),                 avg. length: 299.0,                last time consumption/overall running time: 1259.96s / 23692.78 s
first_0:                 episode reward: -1.4500,                 loss: 0.0191
second_0:                 episode reward: 1.4500,                 loss: nan
Episode: 401/10000 (4.0100%),                 avg. length: 299.0,                last time consumption/overall running time: 987.33s / 24680.11 s
first_0:                 episode reward: -0.4000,                 loss: 0.0198
second_0:                 episode reward: 0.4000,                 loss: nan
Episode: 421/10000 (4.2100%),                 avg. length: 299.0,                last time consumption/overall running time: 743.59s / 25423.70 s
first_0:                 episode reward: -2.0500,                 loss: 0.0205
second_0:                 episode reward: 2.0500,                 loss: nan
Episode: 441/10000 (4.4100%),                 avg. length: 299.0,                last time consumption/overall running time: 743.71s / 26167.40 s
first_0:                 episode reward: -1.8500,                 loss: 0.0191
second_0:                 episode reward: 1.8500,                 loss: nan
Episode: 461/10000 (4.6100%),                 avg. length: 299.0,                last time consumption/overall running time: 741.85s / 26909.26 s
first_0:                 episode reward: -1.5000,                 loss: 0.0190
second_0:                 episode reward: 1.5000,                 loss: nan
Episode: 481/10000 (4.8100%),                 avg. length: 299.0,                last time consumption/overall running time: 741.56s / 27650.81 s
first_0:                 episode reward: -1.6000,                 loss: 0.0178
second_0:                 episode reward: 1.6000,                 loss: nan
Episode: 501/10000 (5.0100%),                 avg. length: 299.0,                last time consumption/overall running time: 745.86s / 28396.67 s
first_0:                 episode reward: -1.9000,                 loss: 0.0184
second_0:                 episode reward: 1.9000,                 loss: nan
Episode: 521/10000 (5.2100%),                 avg. length: 299.0,                last time consumption/overall running time: 741.16s / 29137.83 s
first_0:                 episode reward: -1.3500,                 loss: 0.0189
second_0:                 episode reward: 1.3500,                 loss: nan
Episode: 541/10000 (5.4100%),                 avg. length: 299.0,                last time consumption/overall running time: 739.85s / 29877.68 s
first_0:                 episode reward: -1.2000,                 loss: 0.0178
second_0:                 episode reward: 1.2000,                 loss: nan
Episode: 561/10000 (5.6100%),                 avg. length: 299.0,                last time consumption/overall running time: 738.37s / 30616.05 s
first_0:                 episode reward: -1.6500,                 loss: 0.0179
second_0:                 episode reward: 1.6500,                 loss: nan
Episode: 581/10000 (5.8100%),                 avg. length: 299.0,                last time consumption/overall running time: 743.22s / 31359.27 s
first_0:                 episode reward: -1.2000,                 loss: 0.0181
second_0:                 episode reward: 1.2000,                 loss: nan
Episode: 601/10000 (6.0100%),                 avg. length: 299.0,                last time consumption/overall running time: 740.88s / 32100.15 s
first_0:                 episode reward: -1.3000,                 loss: 0.0193
second_0:                 episode reward: 1.3000,                 loss: nan
Episode: 621/10000 (6.2100%),                 avg. length: 299.0,                last time consumption/overall running time: 742.05s / 32842.21 s
first_0:                 episode reward: -1.3000,                 loss: 0.0209
second_0:                 episode reward: 1.3000,                 loss: nan
Episode: 641/10000 (6.4100%),                 avg. length: 299.0,                last time consumption/overall running time: 739.45s / 33581.65 s
first_0:                 episode reward: -1.2500,                 loss: 0.0206
second_0:                 episode reward: 1.2500,                 loss: nan
Episode: 661/10000 (6.6100%),                 avg. length: 299.0,                last time consumption/overall running time: 743.91s / 34325.56 s
first_0:                 episode reward: -1.9500,                 loss: 0.0204
second_0:                 episode reward: 1.9500,                 loss: nan
Episode: 681/10000 (6.8100%),                 avg. length: 299.0,                last time consumption/overall running time: 743.46s / 35069.02 s
first_0:                 episode reward: -1.0000,                 loss: 0.0184Unhandled exception in thread started by <bound method Thread._bootstrap of <Thread(Thread-10, started daemon 140281473791744)>>
Traceback (most recent call last):
  File "/home/zihan/anaconda3/envs/x/lib/python3.7/shutil.py", line 122, in copyfile
    copyfileobj(fsrc, fdst)
  File "/home/zihan/anaconda3/envs/x/lib/python3.7/shutil.py", line 82, in copyfileobj
    fdst.write(buf)
OSError: [Errno 28] No space left on device

During handling of the above exception, another exception occurred:

Traceback (most recent call last):
  File "/home/zihan/anaconda3/envs/x/lib/python3.7/site-packages/wandb/filesync/step_checksum.py", line 83, in _thread_body
    shutil.copy2(req.path, path)
  File "/home/zihan/anaconda3/envs/x/lib/python3.7/shutil.py", line 257, in copy2
    copyfile(src, dst, follow_symlinks=follow_symlinks)
  File "/home/zihan/anaconda3/envs/x/lib/python3.7/shutil.py", line 122, in copyfile
    copyfileobj(fsrc, fdst)
OSError: [Errno 28] No space left on device

During handling of the above exception, another exception occurred:

Traceback (most recent call last):
  File "/home/zihan/anaconda3/envs/x/lib/python3.7/shutil.py", line 122, in copyfile
    copyfileobj(fsrc, fdst)
  File "/home/zihan/anaconda3/envs/x/lib/python3.7/shutil.py", line 82, in copyfileobj
    fdst.write(buf)
OSError: [Errno 28] No space left on device

During handling of the above exception, another exception occurred:

Traceback (most recent call last):
  File "/home/zihan/anaconda3/envs/x/lib/python3.7/threading.py", line 917, in _bootstrap_inner
    self.run()
  File "/home/zihan/anaconda3/envs/x/lib/python3.7/threading.py", line 865, in run
    self._target(*self._args, **self._kwargs)
  File "/home/zihan/anaconda3/envs/x/lib/python3.7/site-packages/wandb/filesync/step_checksum.py", line 86, in _thread_body
    shutil.copy2(req.path, path)
  File "/home/zihan/anaconda3/envs/x/lib/python3.7/shutil.py", line 257, in copy2
    copyfile(src, dst, follow_symlinks=follow_symlinks)
  File "/home/zihan/anaconda3/envs/x/lib/python3.7/shutil.py", line 122, in copyfile
    copyfileobj(fsrc, fdst)
OSError: [Errno 28] No space left on device

During handling of the above exception, another exception occurred:

Traceback (most recent call last):
  File "/home/zihan/anaconda3/envs/x/lib/python3.7/threading.py", line 885, in _bootstrap
    self._bootstrap_inner()
  File "/home/zihan/anaconda3/envs/x/lib/python3.7/threading.py", line 927, in _bootstrap_inner
    (self.name, _format_exc()), file=_sys.stderr)
OSError: [Errno 28] No space left on device
--- Logging error ---
Traceback (most recent call last):
  File "/home/zihan/anaconda3/envs/x/lib/python3.7/logging/__init__.py", line 987, in emit
    self.flush()
  File "/home/zihan/anaconda3/envs/x/lib/python3.7/logging/__init__.py", line 967, in flush
    self.stream.flush()
OSError: [Errno 28] No space left on device
Call stack:
  File "/home/zihan/anaconda3/envs/x/lib/python3.7/threading.py", line 885, in _bootstrap
    self._bootstrap_inner()
  File "/home/zihan/anaconda3/envs/x/lib/python3.7/threading.py", line 917, in _bootstrap_inner
    self.run()
  File "/home/zihan/anaconda3/envs/x/lib/python3.7/threading.py", line 865, in run
    self._target(*self._args, **self._kwargs)
  File "/home/zihan/anaconda3/envs/x/lib/python3.7/site-packages/wandb/sdk/internal/tb_watcher.py", line 278, in _thread_except_body
    self._thread_body()
  File "/home/zihan/anaconda3/envs/x/lib/python3.7/site-packages/wandb/sdk/internal/tb_watcher.py", line 287, in _thread_body
    self._process_events()
  File "/home/zihan/anaconda3/envs/x/lib/python3.7/site-packages/wandb/sdk/internal/tb_watcher.py", line 263, in _process_events
    for event in self._generator.Load():
  File "/home/zihan/anaconda3/envs/x/lib/python3.7/site-packages/tensorboard/backend/event_processing/directory_watcher.py", line 89, in Load
    for event in self._LoadInternal():
  File "/home/zihan/anaconda3/envs/x/lib/python3.7/site-packages/tensorboard/backend/event_processing/directory_watcher.py", line 118, in _LoadInternal
    logger.info('No path found after %s', self._path)
Message: 'No path found after %s'
Arguments: ('.//data/tensorboard/202209200231/pettingzoo_double_dunk_v3_nash_dqn_exploiter/events.out.tfevents.1663641211.princeton-rbtg.3704062.0',)
--- Logging error ---
Traceback (most recent call last):
  File "/home/zihan/anaconda3/envs/x/lib/python3.7/logging/__init__.py", line 987, in emit
    self.flush()
  File "/home/zihan/anaconda3/envs/x/lib/python3.7/logging/__init__.py", line 967, in flush
    self.stream.flush()
OSError: [Errno 28] No space left on device
Call stack:
  File "/home/zihan/anaconda3/envs/x/lib/python3.7/threading.py", line 885, in _bootstrap
    self._bootstrap_inner()
  File "/home/zihan/anaconda3/envs/x/lib/python3.7/threading.py", line 917, in _bootstrap_inner
    self.run()
  File "/home/zihan/anaconda3/envs/x/lib/python3.7/threading.py", line 865, in run
    self._target(*self._args, **self._kwargs)
  File "/home/zihan/anaconda3/envs/x/lib/python3.7/site-packages/wandb/sdk/internal/tb_watcher.py", line 278, in _thread_except_body
    self._thread_body()
  File "/home/zihan/anaconda3/envs/x/lib/python3.7/site-packages/wandb/sdk/internal/tb_watcher.py", line 287, in _thread_body
    self._process_events()
  File "/home/zihan/anaconda3/envs/x/lib/python3.7/site-packages/wandb/sdk/internal/tb_watcher.py", line 263, in _process_events
    for event in self._generator.Load():
  File "/home/zihan/anaconda3/envs/x/lib/python3.7/site-packages/tensorboard/backend/event_processing/directory_watcher.py", line 89, in Load
    for event in self._LoadInternal():
  File "/home/zihan/anaconda3/envs/x/lib/python3.7/site-packages/tensorboard/backend/event_processing/directory_watcher.py", line 118, in _LoadInternal
    logger.info('No path found after %s', self._path)
Message: 'No path found after %s'
Arguments: ('.//data/tensorboard/202209200231/pettingzoo_double_dunk_v3_nash_dqn_exploiter/events.out.tfevents.1663641211.princeton-rbtg.3704062.0',)
